30,0.0,5933,2,17
30,0.1,7799,2,20
30,0.2,8785,2,19
30,0.3,9389,0
30,0.5,2167,0
30,0.6,404,0
30,0.7,4138,0
30,0.8,1669,0
30,0.9,1245,0
30,1.0,451,0
30,0.0,5501,2,15
30,0.1,7856,2,20
30,0.2,8906,2,19
30,0.3,3470,0
30,0.5,1153,0
30,0.6,4661,0
30,0.7,4402,0
30,0.8,928,0
30,0.9,921,0
30,1.0,849,0
30,0.0,5699,2,12
30,0.1,8602,2,17
30,0.2,8823,2,21
30,0.3,4290,0
30,0.5,1531,0
30,0.6,796,0
30,0.7,6391,0
30,0.8,14122,2,29
30,0.9,1756,0
30,1.0,4510,0
30,0.0,5614,2,13
30,0.1,7904,2,18
30,0.2,8959,2,21
30,0.3,3314,0
30,0.5,4665,0
30,0.6,669,0
30,0.7,11322,0
30,0.8,6659,0
30,0.9,14448,2,29
30,1.0,3358,0
30,0.0,5797,2,11
30,0.1,11120,2,21
30,0.2,16988,2,19
30,0.3,2229,0
30,0.5,718,0
30,0.6,1696,0
30,0.7,892,0
30,0.8,1116,0
30,0.9,22527,2,29
30,1.0,2735,0
30,0.0,8493,2,14
30,0.1,9757,2,15
30,0.2,11151,2,19
30,0.3,6702,0
30,0.5,436,0
30,0.6,3974,0
30,0.7,794,0
30,0.8,1421,0
30,0.9,807,0
30,1.0,3717,0
30,0.0,6621,2,14
30,0.1,11177,2,20
30,0.2,13774,2,21
30,0.3,9360,0
30,0.5,2589,0
30,0.6,769,0
30,0.7,1558,0
30,0.8,1032,0
30,0.9,770,0
30,1.0,21571,2,29
30,0.0,9627,2,10
30,0.1,11567,2,19
30,0.2,11690,2,19
30,0.3,2558,0
30,0.5,14313,2,29
30,0.6,8863,0
30,0.7,14489,0
30,0.8,2390,0
30,0.9,885,0
30,1.0,9149,0
30,0.0,7247,2,13
30,0.1,10420,2,18
30,0.2,14720,2,21
30,0.3,12366,2,29
30,0.5,6411,0
30,0.6,3075,0
30,0.7,7589,0
30,0.8,1725,0
30,0.9,2316,0
30,1.0,802,0
30,0.0,6743,2,13
30,0.1,13702,2,18
30,0.2,11796,2,23
30,0.3,1413,0
30,0.5,5777,0
30,0.6,17488,2,29
30,0.7,1936,0
30,0.8,7410,0
30,0.9,3311,0
30,1.0,1129,0
30,0.0,7453,2,15
30,0.1,9327,2,20
30,0.2,12036,2,21
30,0.3,2256,0
30,0.5,1009,0
30,0.6,1205,0
30,0.7,16153,2,29
30,0.8,404,0
30,0.9,945,0
30,1.0,24170,2,29
30,0.0,9668,2,15
30,0.1,13299,2,19
30,0.2,12496,2,19
30,0.3,4417,0
30,0.5,1750,0
30,0.6,15704,2,29
30,0.7,973,0
30,0.8,2805,0
30,0.9,3587,0
30,1.0,807,0
30,0.0,6680,2,14
30,0.1,12731,2,19
30,0.2,12800,2,19
30,0.3,4657,0
30,0.5,8279,0
30,0.6,1165,0
30,0.7,12980,0
30,0.8,1142,0
30,0.9,9962,0
30,1.0,1552,0
30,0.0,6074,2,11
30,0.1,9346,2,19
30,0.2,9634,2,19
30,0.3,2180,0
30,0.5,3446,0
30,0.6,996,0
30,0.7,14472,2,29
30,0.8,9920,0
30,0.9,518,0
30,1.0,1904,0
30,0.0,8247,2,12
30,0.1,12476,2,21
30,0.2,13074,2,20
30,0.3,5900,0
30,0.5,670,0
30,0.6,16975,0
30,0.7,4521,0
30,0.8,12202,0
30,0.9,1446,0
30,1.0,2960,0
30,0.0,8227,2,14
30,0.1,9692,2,19
30,0.2,11064,2,19
30,0.3,1929,0
30,0.5,1303,0
30,0.6,5510,0
30,0.7,479,0
30,0.8,634,0
30,0.9,683,0
30,1.0,1231,0
30,0.0,7137,2,15
30,0.1,9543,2,19
30,0.2,10603,2,22
30,0.3,3554,0
30,0.5,10866,0
30,0.6,7506,0
30,0.7,15229,2,29
30,0.8,7452,0
30,0.9,4575,0
30,1.0,1170,0
30,0.0,6505,2,14
30,0.1,9499,2,18
30,0.2,15170,2,20
30,0.3,12517,2,29
30,0.5,1335,0
30,0.6,855,0
30,0.7,9998,0
30,0.8,21956,2,29
30,0.9,1549,0
30,1.0,815,0
30,0.0,7110,2,14
30,0.1,10089,2,18
30,0.2,12775,2,20
30,0.3,8213,0
30,0.5,1619,0
30,0.6,2226,0
30,0.7,957,0
30,0.8,2589,0
30,0.9,6078,0
30,1.0,9374,0
30,0.0,7308,2,14
30,0.1,12317,2,19
30,0.2,13627,2,21
30,0.3,2389,0
30,0.5,9212,0
30,0.6,3326,0
30,0.7,978,0
30,0.8,409,0
30,0.9,891,0
30,1.0,1301,0
