30,100,40,72,2,26
30,100,400,206,2,28
30,100,1000,452,2,29
30,100,2000,121,0
30,100,4000,95,0
30,100,10000,502,0
30,200,40,41,2,25
30,200,400,369,2,29
30,200,1000,562,0
30,200,2000,1231,0
30,200,4000,829,0
30,200,10000,3084,0
30,500,40,119,2,24
30,500,400,882,2,29
30,500,1000,2191,2,29
30,500,2000,222,0
30,500,4000,197,0
30,500,10000,1411,0
30,1000,40,210,2,27
30,1000,400,1783,2,28
30,1000,1000,739,0
30,1000,2000,433,0
30,1000,4000,4573,0
30,1000,10000,1122,0
30,1500,40,300,2,24
30,1500,400,2708,2,29
30,1500,1000,6627,2,29
30,1500,2000,3364,0
30,1500,4000,768,0
30,1500,10000,2329,0
30,3000,40,621,2,25
30,3000,400,1225,0
30,3000,1000,1133,0
30,3000,2000,18716,0
30,3000,4000,14190,0
30,3000,10000,18500,0
30,100,40,20,2,24
30,100,400,176,2,29
30,100,1000,458,2,25
30,100,2000,488,0
30,100,4000,318,0
30,100,10000,1554,0
30,200,40,40,2,25
30,200,400,354,2,29
30,200,1000,876,2,29
30,200,2000,756,0
30,200,4000,739,0
30,200,10000,519,0
30,500,40,103,2,25
30,500,400,927,2,29
30,500,1000,979,0
30,500,2000,317,0
30,500,4000,3150,0
30,500,10000,1073,0
30,1000,40,196,2,26
30,1000,400,1755,2,29
30,1000,1000,2826,0
30,1000,2000,1789,0
30,1000,4000,531,0
30,1000,10000,2529,0
30,1500,40,293,2,26
30,1500,400,2848,2,29
30,1500,1000,2082,0
30,1500,2000,1446,0
30,1500,4000,6369,0
30,1500,10000,2028,0
30,3000,40,656,2,27
30,3000,400,2125,0
30,3000,1000,1630,0
30,3000,2000,5437,0
30,3000,4000,11405,0
30,3000,10000,1462,0
30,100,40,19,2,24
30,100,400,193,2,28
30,100,1000,450,2,29
30,100,2000,855,2,29
30,100,4000,106,0
30,100,10000,333,0
30,200,40,37,2,25
30,200,400,351,2,29
30,200,1000,879,2,29
30,200,2000,1211,0
30,200,4000,1427,0
30,200,10000,383,0
30,500,40,98,2,26
30,500,400,882,2,29
30,500,1000,243,0
30,500,2000,609,0
30,500,4000,727,0
30,500,10000,454,0
30,1000,40,200,2,25
30,1000,400,1780,0
30,1000,1000,571,0
30,1000,2000,896,0
30,1000,4000,925,0
30,1000,10000,1676,0
30,1500,40,325,2,23
30,1500,400,2518,0
30,1500,1000,1188,0
30,1500,2000,3004,0
30,1500,4000,1676,0
30,1500,10000,924,0
30,3000,40,626,2,27
30,3000,400,5384,2,28
30,3000,1000,1538,0
30,3000,2000,13493,0
30,3000,4000,3754,0
30,3000,10000,7166,0
30,100,40,24,2,26
30,100,400,192,2,29
30,100,1000,174,0
30,100,2000,693,0
30,100,4000,270,0
30,100,10000,2683,0
30,200,40,40,2,26
30,200,400,355,2,29
30,200,1000,310,0
30,200,2000,94,0
30,200,4000,441,0
30,200,10000,1214,0
30,500,40,105,2,26
30,500,400,884,2,28
30,500,1000,296,0
30,500,2000,509,0
30,500,4000,1352,0
30,500,10000,5518,0
30,1000,40,206,2,26
30,1000,400,1754,2,29
30,1000,1000,4398,2,29
30,1000,2000,3840,0
30,1000,4000,396,0
30,1000,10000,5300,0
30,1500,40,303,2,27
30,1500,400,920,0
30,1500,1000,6418,0
30,1500,2000,615,0
30,1500,4000,612,0
30,1500,10000,6383,0
30,3000,40,611,2,22
30,3000,400,859,0
30,3000,1000,2463,0
30,3000,2000,4254,0
30,3000,4000,978,0
30,3000,10000,1237,0
30,100,40,23,2,27
30,100,400,184,2,29
30,100,1000,442,2,28
30,100,2000,571,0
30,100,4000,541,0
30,100,10000,304,0
30,200,40,41,2,22
30,200,400,354,2,29
30,200,1000,861,2,29
30,200,2000,1378,0
30,200,4000,350,0
30,200,10000,629,0
30,500,40,95,2,26
30,500,400,338,0
30,500,1000,1803,0
30,500,2000,4391,2,29
30,500,4000,1475,0
30,500,10000,838,0
30,1000,40,207,2,28
30,1000,400,1797,2,28
30,1000,1000,4376,2,29
30,1000,2000,7754,0
30,1000,4000,2004,0
30,1000,10000,1336,0
30,1500,40,314,2,27
30,1500,400,2639,2,29
30,1500,1000,2454,0
30,1500,2000,3679,0
30,1500,4000,569,0
30,1500,10000,7447,0
30,3000,40,595,2,25
30,3000,400,5357,2,29
30,3000,1000,888,0
30,3000,2000,2492,0
30,3000,4000,1128,0
30,3000,10000,27021,0
30,100,40,81,2,23
30,100,400,254,2,28
30,100,1000,507,2,27
30,100,2000,53,0
30,100,4000,607,0
30,100,10000,554,0
30,200,40,42,2,26
30,200,400,153,0
30,200,1000,123,0
30,200,2000,1766,2,29
30,200,4000,840,0
30,200,10000,2645,0
30,500,40,99,2,24
30,500,400,877,2,29
30,500,1000,2211,2,29
30,500,2000,1072,0
30,500,4000,490,0
30,500,10000,2552,0
30,1000,40,194,2,23
30,1000,400,1255,0
30,1000,1000,1115,0
30,1000,2000,538,0
30,1000,4000,3283,0
30,1000,10000,2956,0
30,1500,40,294,2,26
30,1500,400,2729,2,29
30,1500,1000,1448,0
30,1500,2000,10583,0
30,1500,4000,1436,0
30,1500,10000,1161,0
30,3000,40,579,2,25
30,3000,400,2880,0
30,3000,1000,4416,0
30,3000,2000,1241,0
30,3000,4000,2193,0
30,3000,10000,1050,0
30,100,40,19,2,21
30,100,400,160,0
30,100,1000,212,0
30,100,2000,608,0
30,100,4000,591,0
30,100,10000,945,0
30,200,40,44,2,22
30,200,400,351,2,29
30,200,1000,561,0
30,200,2000,440,0
30,200,4000,407,0
30,200,10000,715,0
30,500,40,104,2,25
30,500,400,881,2,29
30,500,1000,376,0
30,500,2000,1256,0
30,500,4000,2120,0
30,500,10000,2402,0
30,1000,40,198,2,26
30,1000,400,1786,2,28
30,1000,1000,995,0
30,1000,2000,2377,0
30,1000,4000,318,0
30,1000,10000,388,0
30,1500,40,293,2,26
30,1500,400,2094,0
30,1500,1000,470,0
30,1500,2000,805,0
30,1500,4000,2939,0
30,1500,10000,752,0
30,3000,40,596,2,24
30,3000,400,5430,2,28
30,3000,1000,1723,0
30,3000,2000,1118,0
30,3000,4000,18141,0
30,3000,10000,1205,0
30,100,40,19,2,25
30,100,400,181,2,28
30,100,1000,319,0
30,100,2000,425,0
30,100,4000,470,0
30,100,10000,325,0
30,200,40,40,2,25
30,200,400,336,0
30,200,1000,834,0
30,200,2000,67,0
30,200,4000,886,0
30,200,10000,193,0
30,500,40,98,2,26
30,500,400,469,0
30,500,1000,2208,2,28
30,500,2000,1126,0
30,500,4000,804,0
30,500,10000,1460,0
30,1000,40,192,2,26
30,1000,400,715,0
30,1000,1000,803,0
30,1000,2000,680,0
30,1000,4000,3322,0
30,1000,10000,877,0
30,1500,40,287,2,27
30,1500,400,824,0
30,1500,1000,980,0
30,1500,2000,927,0
30,1500,4000,852,0
30,1500,10000,8185,0
30,3000,40,584,2,26
30,3000,400,4123,0
30,3000,1000,1339,0
30,3000,2000,1142,0
30,3000,4000,5641,0
30,3000,10000,1272,0
30,100,40,23,2,24
30,100,400,187,2,29
30,100,1000,104,0
30,100,2000,199,0
30,100,4000,551,0
30,100,10000,446,0
30,200,40,39,2,26
30,200,400,337,0
30,200,1000,299,0
30,200,2000,678,0
30,200,4000,1476,0
30,200,10000,1955,0
30,500,40,96,2,27
30,500,400,680,0
30,500,1000,689,0
30,500,2000,4254,0
30,500,4000,7688,0
30,500,10000,479,0
30,1000,40,203,2,23
30,1000,400,866,0
30,1000,1000,2296,0
30,1000,2000,2945,0
30,1000,4000,1808,0
30,1000,10000,5600,0
30,1500,40,298,2,23
30,1500,400,2647,2,28
30,1500,1000,542,0
30,1500,2000,2122,0
30,1500,4000,3872,0
30,1500,10000,2626,0
30,3000,40,595,2,22
30,3000,400,5409,2,29
30,3000,1000,2185,0
30,3000,2000,1885,0
30,3000,4000,961,0
30,3000,10000,1049,0
30,100,40,25,2,25
30,100,400,195,2,29
30,100,1000,431,2,28
30,100,2000,371,0
30,100,4000,1380,0
30,100,10000,197,0
30,200,40,38,2,25
30,200,400,353,2,29
30,200,1000,415,0
30,200,2000,1008,0
30,200,4000,2156,0
30,200,10000,589,0
30,500,40,100,2,22
30,500,400,882,2,29
30,500,1000,794,0
30,500,2000,1559,0
30,500,4000,330,0
30,500,10000,1367,0
30,1000,40,195,2,25
30,1000,400,1127,0
30,1000,1000,298,0
30,1000,2000,345,0
30,1000,4000,1630,0
30,1000,10000,394,0
30,1500,40,291,2,26
30,1500,400,2648,2,29
30,1500,1000,758,0
30,1500,2000,4054,0
30,1500,4000,13364,0
30,1500,10000,1143,0
30,3000,40,614,2,26
30,3000,400,1066,0
30,3000,1000,1394,0
30,3000,2000,8559,0
30,3000,4000,1448,0
30,3000,10000,1074,0
30,100,40,24,2,26
30,100,400,184,2,29
30,100,1000,384,0
30,100,2000,857,2,28
30,100,4000,122,0
30,100,10000,266,0
30,200,40,50,2,26
30,200,400,359,2,28
30,200,1000,918,2,29
30,200,2000,159,0
30,200,4000,756,0
30,200,10000,1635,0
30,500,40,97,2,25
30,500,400,601,0
30,500,1000,2211,2,29
30,500,2000,271,0
30,500,4000,205,0
30,500,10000,1574,0
30,1000,40,190,2,26
30,1000,400,481,0
30,1000,1000,1787,0
30,1000,2000,599,0
30,1000,4000,2877,0
30,1000,10000,786,0
30,1500,40,298,2,27
30,1500,400,1902,0
30,1500,1000,1036,0
30,1500,2000,669,0
30,1500,4000,786,0
30,1500,10000,1095,0
30,3000,40,592,2,26
30,3000,400,5367,2,29
30,3000,1000,3918,0
30,3000,2000,3921,0
30,3000,4000,10064,0
30,3000,10000,6998,0
30,100,40,25,2,23
30,100,400,174,2,29
30,100,1000,270,0
30,100,2000,857,2,29
30,100,4000,964,0
30,100,10000,197,0
30,200,40,46,2,25
30,200,400,376,0
30,200,1000,180,0
30,200,2000,1734,2,29
30,200,4000,193,0
30,200,10000,967,0
30,500,40,105,2,26
30,500,400,889,2,29
30,500,1000,406,0
30,500,2000,1819,0
30,500,4000,2003,0
30,500,10000,924,0
30,1000,40,192,2,25
30,1000,400,458,0
30,1000,1000,2511,0
30,1000,2000,3269,0
30,1000,4000,358,0
30,1000,10000,1251,0
30,1500,40,294,2,25
30,1500,400,2690,2,29
30,1500,1000,2432,0
30,1500,2000,3123,0
30,1500,4000,2758,0
30,1500,10000,7307,0
30,3000,40,599,2,24
30,3000,400,1257,0
30,3000,1000,820,0
30,3000,2000,13174,0
30,3000,4000,1139,0
30,3000,10000,5501,0
30,100,40,22,2,23
30,100,400,181,2,28
30,100,1000,335,0
30,100,2000,317,0
30,100,4000,319,0
30,100,10000,201,0
30,200,40,47,2,24
30,200,400,370,2,29
30,200,1000,220,0
30,200,2000,1504,0
30,200,4000,970,0
30,200,10000,592,0
30,500,40,99,2,24
30,500,400,874,2,28
30,500,1000,912,0
30,500,2000,590,0
30,500,4000,1616,0
30,500,10000,758,0
30,1000,40,194,2,25
30,1000,400,507,0
30,1000,1000,1650,0
30,1000,2000,3114,0
30,1000,4000,1004,0
30,1000,10000,3184,0
30,1500,40,290,2,26
30,1500,400,2696,2,28
30,1500,1000,6057,0
30,1500,2000,723,0
30,1500,4000,391,0
30,1500,10000,47291,0
30,3000,40,575,2,28
30,3000,400,1648,0
30,3000,1000,3012,0
30,3000,2000,1280,0
30,3000,4000,50617,0
30,3000,10000,7758,0
30,100,40,19,2,24
30,100,400,137,0
30,100,1000,440,2,29
30,100,2000,280,0
30,100,4000,1119,0
30,100,10000,489,0
30,200,40,39,2,25
30,200,400,352,2,28
30,200,1000,862,2,29
30,200,2000,384,0
30,200,4000,97,0
30,200,10000,849,0
30,500,40,97,2,25
30,500,400,881,2,29
30,500,1000,416,0
30,500,2000,576,0
30,500,4000,281,0
30,500,10000,3250,0
30,1000,40,195,2,23
30,1000,400,1762,2,29
30,1000,1000,2194,0
30,1000,2000,3370,0
30,1000,4000,809,0
30,1000,10000,1573,0
30,1500,40,320,2,28
30,1500,400,2653,2,28
30,1500,1000,4388,0
30,1500,2000,1172,0
30,1500,4000,2286,0
30,1500,10000,1619,0
30,3000,40,582,2,26
30,3000,400,1031,0
30,3000,1000,1395,0
30,3000,2000,945,0
30,3000,4000,1252,0
30,3000,10000,1382,0
30,100,40,20,2,24
30,100,400,176,2,28
30,100,1000,437,2,29
30,100,2000,240,0
30,100,4000,542,0
30,100,10000,440,0
30,200,40,40,2,26
30,200,400,348,2,29
30,200,1000,394,0
30,200,2000,1727,2,29
30,200,4000,195,0
30,200,10000,249,0
30,500,40,96,2,26
30,500,400,808,0
30,500,1000,1151,0
30,500,2000,609,0
30,500,4000,149,0
30,500,10000,279,0
30,1000,40,199,2,24
30,1000,400,1797,2,29
30,1000,1000,1423,0
30,1000,2000,4124,0
30,1000,4000,1041,0
30,1000,10000,649,0
30,1500,40,303,2,27
30,1500,400,2705,2,29
30,1500,1000,6609,2,28
30,1500,2000,485,0
30,1500,4000,1211,0
30,1500,10000,755,0
30,3000,40,631,2,25
30,3000,400,1234,0
30,3000,1000,1022,0
30,3000,2000,1426,0
30,3000,4000,1134,0
30,3000,10000,4476,0
30,100,40,95,2,24
30,100,400,331,2,28
30,100,1000,679,2,29
30,100,2000,1206,2,28
30,100,4000,1141,0
30,100,10000,151,0
30,200,40,53,2,28
30,200,400,109,0
30,200,1000,1201,2,29
30,200,2000,2393,2,29
30,200,4000,3033,0
30,200,10000,960,0
30,500,40,139,2,24
30,500,400,1154,0
30,500,1000,853,0
30,500,2000,857,0
30,500,4000,1094,0
30,500,10000,1955,0
30,1000,40,272,2,27
30,1000,400,2380,0
30,1000,1000,543,0
30,1000,2000,708,0
30,1000,4000,1028,0
30,1000,10000,10808,0
30,1500,40,437,2,24
30,1500,400,1591,0
30,1500,1000,1851,0
30,1500,2000,19590,2,29
30,1500,4000,3182,0
30,1500,10000,39088,0
30,3000,40,879,2,28
30,3000,400,1160,0
30,3000,1000,20271,2,29
30,3000,2000,4122,0
30,3000,4000,1557,0
30,3000,10000,1476,0
30,100,40,28,2,26
30,100,400,257,2,29
30,100,1000,462,0
30,100,2000,493,0
30,100,4000,224,0
30,100,10000,865,0
30,200,40,53,2,25
30,200,400,108,0
30,200,1000,1168,2,29
30,200,2000,98,0
30,200,4000,435,0
30,200,10000,481,0
30,500,40,145,2,25
30,500,400,753,0
30,500,1000,808,0
30,500,2000,857,0
30,500,4000,5340,0
30,500,10000,4908,0
30,1000,40,272,2,25
30,1000,400,1245,0
30,1000,1000,830,0
30,1000,2000,4989,0
30,1000,4000,1184,0
30,1000,10000,823,0
30,1500,40,408,2,25
30,1500,400,1453,0
30,1500,1000,510,0
30,1500,2000,998,0
30,1500,4000,1297,0
30,1500,10000,1210,0
30,3000,40,862,2,23
30,3000,400,8153,2,29
30,3000,1000,5779,0
30,3000,2000,2134,0
30,3000,4000,1760,0
30,3000,10000,1685,0
30,100,40,28,2,26
30,100,400,240,2,29
30,100,1000,589,2,29
30,100,2000,92,0
30,100,4000,650,0
30,100,10000,378,0
30,200,40,56,2,27
30,200,400,604,2,28
30,200,1000,440,0
30,200,2000,754,0
30,200,4000,1495,0
30,200,10000,330,0
30,500,40,132,2,24
30,500,400,1216,2,29
30,500,1000,1240,0
30,500,2000,1687,0
30,500,4000,3264,0
30,500,10000,2115,0
30,1000,40,279,2,26
30,1000,400,784,0
30,1000,1000,6499,2,29
30,1000,2000,838,0
30,1000,4000,10019,0
30,1000,10000,832,0
30,1500,40,484,2,26
30,1500,400,876,0
30,1500,1000,9720,2,29
30,1500,2000,2549,0
30,1500,4000,15060,0
30,1500,10000,3460,0
30,3000,40,1031,2,25
30,3000,400,4101,0
30,3000,1000,2699,0
30,3000,2000,9292,0
30,3000,4000,3096,0
30,3000,10000,2156,0
30,100,40,25,2,26
30,100,400,235,2,29
30,100,1000,647,2,28
30,100,2000,1220,2,29
30,100,4000,1807,0
30,100,10000,752,0
30,200,40,61,2,28
30,200,400,471,2,29
30,200,1000,202,0
30,200,2000,1792,0
30,200,4000,1872,0
30,200,10000,573,0
30,500,40,149,2,25
30,500,400,1241,0
30,500,1000,2706,0
30,500,2000,680,0
30,500,4000,4547,0
30,500,10000,4724,0
30,1000,40,328,2,26
30,1000,400,2633,2,28
30,1000,1000,2903,0
30,1000,2000,848,0
30,1000,4000,1063,0
30,1000,10000,1998,0
30,1500,40,409,2,26
30,1500,400,1513,0
30,1500,1000,1250,0
30,1500,2000,2752,0
30,1500,4000,7492,0
30,1500,10000,2425,0
30,3000,40,863,2,24
30,3000,400,2215,0
30,3000,1000,1472,0
30,3000,2000,2322,0
30,3000,4000,2516,0
30,3000,10000,8587,0
30,100,40,24,2,25
30,100,400,260,2,29
30,100,1000,390,0
30,100,2000,1152,2,29
30,100,4000,1154,0
30,100,10000,246,0
30,200,40,54,2,24
30,200,400,475,2,29
30,200,1000,1189,2,29
30,200,2000,513,0
30,200,4000,949,0
30,200,10000,336,0
30,500,40,137,2,26
30,500,400,350,0
30,500,1000,422,0
30,500,2000,5795,0
30,500,4000,3209,0
30,500,10000,1856,0
30,1000,40,308,2,27
30,1000,400,2620,2,29
30,1000,1000,523,0
30,1000,2000,952,0
30,1000,4000,582,0
30,1000,10000,1672,0
30,1500,40,479,2,27
30,1500,400,2412,0
30,1500,1000,1098,0
30,1500,2000,2475,0
30,1500,4000,682,0
30,1500,10000,11088,0
30,3000,40,853,2,26
30,3000,400,8214,2,29
30,3000,1000,2678,0
30,3000,2000,4736,0
30,3000,4000,11241,0
30,3000,10000,3178,0
30,100,40,24,2,25
30,100,400,231,2,27
30,100,1000,590,2,29
30,100,2000,879,0
30,100,4000,2483,2,28
30,100,10000,686,0
30,200,40,89,2,26
30,200,400,340,0
30,200,1000,995,0
30,200,2000,1883,0
30,200,4000,563,0
30,200,10000,1188,0
30,500,40,160,2,25
30,500,400,1406,2,29
30,500,1000,415,0
30,500,2000,479,0
30,500,4000,1769,0
30,500,10000,777,0
30,1000,40,263,2,27
30,1000,400,484,0
30,1000,1000,1286,0
30,1000,2000,697,0
30,1000,4000,607,0
30,1000,10000,1086,0
30,1500,40,430,2,26
30,1500,400,2593,0
30,1500,1000,1506,0
30,1500,2000,2950,0
30,1500,4000,40470,2,29
30,1500,10000,672,0
30,3000,40,861,2,23
30,3000,400,1812,0
30,3000,1000,5128,0
30,3000,2000,7119,0
30,3000,4000,83232,2,29
30,3000,10000,3961,0
30,100,40,28,2,23
30,100,400,108,0
30,100,1000,602,2,28
30,100,2000,404,0
30,100,4000,593,0
30,100,10000,1748,0
30,200,40,62,2,23
30,200,400,179,0
30,200,1000,1143,0
30,200,2000,558,0
30,200,4000,558,0
30,200,10000,351,0
30,500,40,130,2,25
30,500,400,281,0
30,500,1000,3024,2,29
30,500,2000,2018,0
30,500,4000,273,0
30,500,10000,4719,0
30,1000,40,280,2,27
30,1000,400,1432,0
30,1000,1000,6054,0
30,1000,2000,582,0
30,1000,4000,683,0
30,1000,10000,14431,0
30,1500,40,429,2,24
30,1500,400,903,0
30,1500,1000,3215,0
30,1500,2000,6638,0
30,1500,4000,1498,0
30,1500,10000,962,0
30,3000,40,875,2,25
30,3000,400,2331,0
30,3000,1000,6040,0
30,3000,2000,1540,0
30,3000,4000,2090,0
30,3000,10000,1587,0
30,100,40,26,2,25
30,100,400,233,2,29
30,100,1000,568,2,29
30,100,2000,148,0
30,100,4000,444,0
30,100,10000,965,0
30,200,40,51,2,23
30,200,400,470,2,28
30,200,1000,1167,2,29
30,200,2000,323,0
30,200,4000,481,0
30,200,10000,1549,0
30,500,40,125,2,26
30,500,400,1283,2,29
30,500,1000,3032,2,29
30,500,2000,949,0
30,500,4000,571,0
30,500,10000,1392,0
30,1000,40,279,2,24
30,1000,400,2525,2,29
30,1000,1000,716,0
30,1000,2000,1070,0
30,1000,4000,14422,0
30,1000,10000,4271,0
30,1500,40,432,2,24
30,1500,400,3823,2,29
30,1500,1000,645,0
30,1500,2000,3945,0
30,1500,4000,2588,0
30,1500,10000,1003,0
30,3000,40,860,2,25
30,3000,400,1267,0
30,3000,1000,2532,0
30,3000,2000,1881,0
30,3000,4000,42371,0
30,3000,10000,1930,0
30,100,40,22,2,23
30,100,400,231,2,29
30,100,1000,573,2,29
30,100,2000,997,0
30,100,4000,374,0
30,100,10000,240,0
30,200,40,50,2,24
30,200,400,440,0
30,200,1000,1166,2,29
30,200,2000,204,0
30,200,4000,732,0
30,200,10000,3226,0
30,500,40,132,2,26
30,500,400,1204,2,29
30,500,1000,1617,0
30,500,2000,5903,0
30,500,4000,345,0
30,500,10000,1845,0
30,1000,40,268,2,25
30,1000,400,1282,0
30,1000,1000,861,0
30,1000,2000,3864,0
30,1000,4000,14421,0
30,1000,10000,5275,0
30,1500,40,429,2,27
30,1500,400,3918,2,28
30,1500,1000,3926,0
30,1500,2000,2817,0
30,1500,4000,25204,0
30,1500,10000,11327,0
30,3000,40,879,2,25
30,3000,400,2068,0
30,3000,1000,5973,0
30,3000,2000,1621,0
30,3000,4000,1726,0
30,3000,10000,14666,0
30,100,40,25,2,23
30,100,400,238,2,29
30,100,1000,160,0
30,100,2000,1141,2,29
30,100,4000,1466,0
30,100,10000,1428,0
30,200,40,55,2,24
30,200,400,462,2,28
30,200,1000,1179,2,29
30,200,2000,465,0
30,200,4000,2047,0
30,200,10000,2650,0
30,500,40,137,2,28
30,500,400,254,0
30,500,1000,3056,2,29
30,500,2000,853,0
30,500,4000,12360,2,29
30,500,10000,2925,0
30,1000,40,278,2,27
30,1000,400,2369,0
30,1000,1000,2648,0
30,1000,2000,736,0
30,1000,4000,751,0
30,1000,10000,1240,0
30,1500,40,442,2,24
30,1500,400,1230,0
30,1500,1000,1237,0
30,1500,2000,2597,0
30,1500,4000,664,0
30,1500,10000,1317,0
30,3000,40,906,2,25
30,3000,400,1811,0
30,3000,1000,19976,2,29
30,3000,2000,1255,0
30,3000,4000,3073,0
30,3000,10000,1345,0
30,100,40,133,2,24
30,100,400,486,2,29
30,100,1000,921,2,29
30,100,2000,159,0
30,100,4000,1452,0
30,100,10000,545,0
30,200,40,71,2,25
30,200,400,447,0
30,200,1000,678,0
30,200,2000,584,0
30,200,4000,1905,0
30,200,10000,993,0
30,500,40,149,2,25
30,500,400,263,0
30,500,1000,3416,2,29
30,500,2000,1374,0
30,500,4000,2156,0
30,500,10000,365,0
30,1000,40,316,2,25
30,1000,400,721,0
30,1000,1000,3528,0
30,1000,2000,1123,0
30,1000,4000,1389,0
30,1000,10000,9227,0
30,1500,40,456,2,25
30,1500,400,910,0
30,1500,1000,752,0
30,1500,2000,1243,0
30,1500,4000,3313,0
30,1500,10000,1531,0
30,3000,40,1063,2,27
30,3000,400,8746,2,28
30,3000,1000,5226,0
30,3000,2000,6822,0
30,3000,4000,4291,0
30,3000,10000,1591,0
30,100,40,25,2,24
30,100,400,259,2,29
30,100,1000,225,0
30,100,2000,706,0
30,100,4000,701,0
30,100,10000,1035,0
30,200,40,53,2,26
30,200,400,561,2,29
30,200,1000,650,0
30,200,2000,2407,0
30,200,4000,238,0
30,200,10000,1177,0
30,500,40,159,2,27
30,500,400,1320,2,29
30,500,1000,3249,2,29
30,500,2000,7158,2,29
30,500,4000,592,0
30,500,10000,1368,0
30,1000,40,424,2,27
30,1000,400,2337,2,29
30,1000,1000,1264,0
30,1000,2000,492,0
30,1000,4000,1281,0
30,1000,10000,955,0
30,1500,40,438,2,25
30,1500,400,3619,2,29
30,1500,1000,2813,0
30,1500,2000,3880,0
30,1500,4000,1659,0
30,1500,10000,6395,0
30,3000,40,940,2,26
30,3000,400,1987,0
30,3000,1000,2538,0
30,3000,2000,24239,0
30,3000,4000,12461,0
30,3000,10000,1347,0
30,100,40,23,2,25
30,100,400,223,2,29
30,100,1000,578,2,29
30,100,2000,423,0
30,100,4000,116,0
30,100,10000,671,0
30,200,40,48,2,26
30,200,400,269,0
30,200,1000,459,0
30,200,2000,195,0
30,200,4000,649,0
30,200,10000,471,0
30,500,40,114,2,26
30,500,400,414,0
30,500,1000,2612,0
30,500,2000,628,0
30,500,4000,5826,0
30,500,10000,846,0
30,1000,40,268,2,28
30,1000,400,2365,2,29
30,1000,1000,1823,0
30,1000,2000,3225,0
30,1000,4000,1170,0
30,1000,10000,881,0
30,1500,40,366,2,26
30,1500,400,3569,2,29
30,1500,1000,8426,2,29
30,1500,2000,3340,0
30,1500,4000,4476,0
30,1500,10000,22147,0
30,3000,40,772,2,23
30,3000,400,2690,0
30,3000,1000,4395,0
30,3000,2000,5635,0
30,3000,4000,1768,0
30,3000,10000,1028,0
30,100,40,24,2,25
30,100,400,239,2,28
30,100,1000,510,2,29
30,100,2000,188,0
30,100,4000,705,0
30,100,10000,161,0
30,200,40,49,2,26
30,200,400,203,0
30,200,1000,841,0
30,200,2000,1488,0
30,200,4000,539,0
30,200,10000,709,0
30,500,40,136,2,27
30,500,400,438,0
30,500,1000,2284,0
30,500,2000,2639,0
30,500,4000,2777,0
30,500,10000,7911,0
30,1000,40,248,2,25
30,1000,400,764,0
30,1000,1000,909,0
30,1000,2000,7758,0
30,1000,4000,4022,0
30,1000,10000,56057,2,29
30,1500,40,361,2,25
30,1500,400,2492,0
30,1500,1000,1670,0
30,1500,2000,4664,0
30,1500,4000,7528,0
30,1500,10000,1181,0
30,3000,40,748,2,28
30,3000,400,4193,0
30,3000,1000,9957,0
30,3000,2000,2622,0
30,3000,4000,7923,0
30,3000,10000,4789,0
30,100,40,24,2,24
30,100,400,237,2,29
30,100,1000,524,2,29
30,100,2000,598,0
30,100,4000,839,0
30,100,10000,127,0
30,200,40,52,2,27
30,200,400,311,0
30,200,1000,554,0
30,200,2000,233,0
30,200,4000,1023,0
30,200,10000,332,0
30,500,40,127,2,26
30,500,400,1025,0
30,500,1000,304,0
30,500,2000,1246,0
30,500,4000,287,0
30,500,10000,4408,0
30,1000,40,243,2,28
30,1000,400,2267,2,29
30,1000,1000,5743,2,29
30,1000,2000,6224,0
30,1000,4000,665,0
30,1000,10000,2352,0
30,1500,40,360,2,27
30,1500,400,3576,2,29
30,1500,1000,2321,0
30,1500,2000,1132,0
30,1500,4000,9950,0
30,1500,10000,1544,0
30,3000,40,750,2,27
30,3000,400,6712,0
30,3000,1000,2059,0
30,3000,2000,2019,0
30,3000,4000,4192,0
30,3000,10000,9220,0
30,100,40,21,2,24
30,100,400,170,0
30,100,1000,185,0
30,100,2000,533,0
30,100,4000,525,0
30,100,10000,120,0
30,200,40,61,2,23
30,200,400,454,2,28
30,200,1000,2054,2,29
30,200,2000,1304,0
30,200,4000,293,0
30,200,10000,1047,0
30,500,40,144,2,25
30,500,400,1079,2,29
30,500,1000,1969,0
30,500,2000,5390,2,29
30,500,4000,1512,0
30,500,10000,2863,0
30,1000,40,240,2,26
30,1000,400,969,0
30,1000,1000,308,0
30,1000,2000,1474,0
30,1000,4000,3480,0
30,1000,10000,1594,0
30,1500,40,354,2,27
30,1500,400,3444,2,29
30,1500,1000,931,0
30,1500,2000,1385,0
30,1500,4000,4441,0
30,1500,10000,34018,0
30,3000,40,758,2,23
30,3000,400,5461,0
30,3000,1000,2819,0
30,3000,2000,8222,0
30,3000,4000,7288,0
30,3000,10000,7691,0
30,100,40,22,2,24
30,100,400,218,2,29
30,100,1000,452,0
30,100,2000,780,0
30,100,4000,729,0
30,100,10000,276,0
30,200,40,43,2,24
30,200,400,423,2,29
30,200,1000,147,0
30,200,2000,835,0
30,200,4000,820,0
30,200,10000,2175,0
30,500,40,124,2,26
30,500,400,1092,2,29
30,500,1000,2288,0
30,500,2000,346,0
30,500,4000,1910,0
30,500,10000,732,0
30,1000,40,251,2,23
30,1000,400,2353,2,29
30,1000,1000,5555,2,29
30,1000,2000,3143,0
30,1000,4000,964,0
30,1000,10000,688,0
30,1500,40,368,2,26
30,1500,400,945,0
30,1500,1000,7982,0
30,1500,2000,6093,0
30,1500,4000,11322,0
30,1500,10000,2035,0
30,3000,40,728,2,23
30,3000,400,1787,0
30,3000,1000,1483,0
30,3000,2000,1613,0
30,3000,4000,2389,0
30,3000,10000,40319,0
30,100,40,23,2,24
30,100,400,211,2,29
30,100,1000,583,2,29
30,100,2000,428,0
30,100,4000,1364,0
30,100,10000,460,0
30,200,40,43,2,26
30,200,400,423,2,29
30,200,1000,181,0
30,200,2000,342,0
30,200,4000,209,0
30,200,10000,245,0
30,500,40,120,2,23
30,500,400,1142,2,29
30,500,1000,1083,0
30,500,2000,500,0
30,500,4000,6221,0
30,500,10000,1332,0
30,1000,40,234,2,24
30,1000,400,2217,2,28
30,1000,1000,3733,0
30,1000,2000,1199,0
30,1000,4000,880,0
30,1000,10000,5982,0
30,1500,40,350,2,27
30,1500,400,3385,2,29
30,1500,1000,1500,0
30,1500,2000,17780,2,29
30,1500,4000,531,0
30,1500,10000,1006,0
30,3000,40,752,2,22
30,3000,400,1672,0
30,3000,1000,1383,0
30,3000,2000,2937,0
30,3000,4000,14564,0
30,3000,10000,2295,0
30,100,40,23,2,23
30,100,400,248,2,29
30,100,1000,160,0
30,100,2000,53,0
30,100,4000,675,0
30,100,10000,275,0
30,200,40,44,2,24
30,200,400,371,0
30,200,1000,291,0
30,200,2000,2177,2,29
30,200,4000,1536,0
30,200,10000,293,0
30,500,40,124,2,26
30,500,400,701,0
30,500,1000,1490,0
30,500,2000,1712,0
30,500,4000,1947,0
30,500,10000,388,0
30,1000,40,229,2,26
30,1000,400,896,0
30,1000,1000,5433,2,29
30,1000,2000,438,0
30,1000,4000,7449,0
30,1000,10000,1311,0
30,1500,40,900,2,23
30,1500,400,732,0
30,1500,1000,9986,2,29
30,1500,2000,1195,0
30,1500,4000,3512,0
30,1500,10000,10562,0
30,3000,40,821,2,20
30,3000,400,3830,0
30,3000,1000,17211,2,29
30,3000,2000,1949,0
30,3000,4000,2375,0
30,3000,10000,1728,0
30,100,40,25,2,24
30,100,400,250,2,29
30,100,1000,578,2,29
30,100,2000,197,0
30,100,4000,751,0
30,100,10000,253,0
30,200,40,49,2,25
30,200,400,424,2,29
30,200,1000,355,0
30,200,2000,321,0
30,200,4000,1802,0
30,200,10000,323,0
30,500,40,156,2,26
30,500,400,1116,2,28
30,500,1000,1239,0
30,500,2000,818,0
30,500,4000,223,0
30,500,10000,946,0
30,1000,40,257,2,26
30,1000,400,458,0
30,1000,1000,889,0
30,1000,2000,1240,0
30,1000,4000,3559,0
30,1000,10000,793,0
30,1500,40,359,2,26
30,1500,400,606,0
30,1500,1000,8478,2,29
30,1500,2000,5134,0
30,1500,4000,8873,0
30,1500,10000,2055,0
30,3000,40,772,2,26
30,3000,400,987,0
30,3000,1000,3556,0
30,3000,2000,34561,2,29
30,3000,4000,8562,0
30,3000,10000,4912,0
30,100,6000,224,0
30,200,6000,823,0
30,500,6000,5868,0
30,1000,6000,1723,0
30,1500,6000,5954,0
30,3000,6000,2849,0
30,100,6000,120,0
30,200,6000,982,0
30,500,6000,1070,0
30,1000,6000,1145,0
30,1500,6000,41126,2,29
30,3000,6000,4398,0
30,100,6000,132,0
30,200,6000,490,0
30,500,6000,2661,0
30,1000,6000,11208,0
30,1500,6000,2143,0
30,3000,6000,1844,0
30,100,6000,1070,0
30,200,6000,659,0
30,500,6000,5948,0
30,1000,6000,905,0
30,1500,6000,986,0
30,3000,6000,10406,0
30,100,6000,241,0
30,200,6000,1432,0
30,500,6000,981,0
30,1000,6000,805,0
30,1500,6000,1241,0
30,3000,6000,2847,0
30,100,8000,1599,0
30,200,8000,1454,0
30,500,8000,230,0
30,1000,8000,4168,0
30,1500,8000,4647,0
30,3000,8000,15125,0
30,100,8000,1718,0
30,200,8000,186,0
30,500,8000,2464,0
30,1000,8000,2873,0
30,1500,8000,776,0
30,3000,8000,2270,0
30,100,8000,402,0
30,200,8000,1085,0
30,500,8000,404,0
30,1000,8000,1765,0
30,1500,8000,5813,0
30,3000,8000,1921,0
30,100,8000,918,0
30,200,8000,232,0
30,500,8000,3126,0
30,1000,8000,2463,0
30,1500,8000,1432,0
30,3000,8000,4780,0
30,100,8000,631,0
30,200,8000,130,0
30,500,8000,2791,0
30,1000,8000,509,0
30,1500,8000,837,0
30,3000,8000,2449,0
30,100,3000,926,0
30,200,3000,864,0
30,500,3000,1112,0
30,1000,3000,1862,0
30,1500,3000,618,0
30,3000,3000,1438,0
30,100,3000,1094,0
30,200,3000,229,0
30,500,3000,6541,0
30,1000,3000,10704,0
30,1500,3000,20942,2,29
30,3000,3000,986,0
30,100,3000,253,0
30,200,3000,2479,0
30,500,3000,777,0
30,1000,3000,2400,0
30,1500,3000,652,0
30,3000,3000,16419,0
30,100,3000,168,0
30,200,3000,371,0
30,500,3000,3829,0
30,1000,3000,1230,0
30,1500,3000,1979,0
30,3000,3000,2823,0
30,100,3000,449,0
30,200,3000,582,0
30,500,3000,2089,0
30,1000,3000,1950,0
30,1500,3000,1042,0
30,3000,3000,2113,0
30,100,4000,390,0
30,200,4000,381,0
30,500,4000,191,0
30,1000,4000,3775,0
30,1500,4000,19899,0
30,3000,4000,843,0
30,100,4000,466,0
30,200,4000,519,0
30,500,4000,9007,2,29
30,1000,4000,2157,0
30,1500,4000,1074,0
30,3000,4000,1336,0
30,100,4000,262,0
30,200,4000,1422,0
30,500,4000,3402,0
30,1000,4000,467,0
30,1500,4000,448,0
30,3000,4000,8192,0
30,100,4000,84,0
30,200,4000,594,0
30,500,4000,709,0
30,1000,4000,889,0
30,1500,4000,1998,0
30,3000,4000,1961,0
30,100,4000,353,0
30,200,4000,388,0
30,500,4000,292,0
30,1000,4000,1424,0
30,1500,4000,27274,2,29
30,3000,4000,1337,0
