30,0.0,13397,2,24
30,0.005,386,0
30,0.01,4066,0
30,0.03,6672,0
30,0.05,5974,0
30,0.1,17133,2,20
30,0.2,16169,2,17
30,0.4,16576,2,20
30,0.6,22149,2,18
30,0.8,17310,2,18
30,0.9,18775,2,17
30,1.0,19593,2,16
30,0.0,14721,2,21
30,0.005,5571,0
30,0.01,2198,0
30,0.03,16115,2,29
30,0.05,3574,0
30,0.1,16172,2,19
30,0.2,16033,2,19
30,0.4,18236,2,16
30,0.6,21299,2,17
30,0.8,17393,2,17
30,0.9,21957,2,19
30,1.0,17616,2,19
30,0.0,18095,2,22
30,0.005,1693,0
30,0.01,16873,2,29
30,0.03,2106,0
30,0.05,4057,0
30,0.1,16337,2,21
30,0.2,16729,2,17
30,0.4,17645,2,18
30,0.6,20379,2,19
30,0.8,16155,2,17
30,0.9,18171,2,18
30,1.0,17767,2,16
30,0.0,12290,2,20
30,0.005,13073,2,29
30,0.01,934,0
30,0.03,13066,2,29
30,0.05,1123,0
30,0.1,15017,2,20
30,0.2,16217,2,18
30,0.4,17351,2,17
30,0.6,16262,2,17
30,0.8,17002,2,17
30,0.9,17148,2,17
30,1.0,19832,2,18
30,0.0,14949,2,25
30,0.005,3902,0
30,0.01,4571,0
30,0.03,952,0
30,0.05,6013,0
30,0.1,20705,2,22
30,0.2,15721,2,18
30,0.4,19278,2,20
30,0.6,24282,2,19
30,0.8,22590,2,16
30,0.9,20466,2,19
30,1.0,19191,2,17
30,0.0,13422,2,21
30,0.005,3018,0
30,0.01,1326,0
30,0.03,1514,0
30,0.05,3480,0
30,0.1,15682,2,20
30,0.2,16302,2,19
30,0.4,16796,2,17
30,0.6,18467,2,16
30,0.8,20962,2,17
30,0.9,19267,2,19
30,1.0,17728,2,17
30,0.0,12626,2,20
30,0.005,12947,2,29
30,0.01,788,0
30,0.03,1376,0
30,0.05,3828,0
30,0.1,14752,2,18
30,0.2,16119,2,17
30,0.4,15199,2,17
30,0.6,18754,2,19
30,0.8,19539,2,16
30,0.9,17612,2,19
30,1.0,17988,2,21
30,0.0,12985,2,21
30,0.005,684,0
30,0.01,1718,0
30,0.03,1679,0
30,0.05,6925,0
30,0.1,19341,2,20
30,0.2,15828,2,17
30,0.4,20814,2,16
30,0.6,21333,2,19
30,0.8,20321,2,17
30,0.9,20044,2,21
30,1.0,21599,2,20
30,0.0,15791,2,19
30,0.005,2644,0
30,0.01,14141,2,29
30,0.03,10321,0
30,0.05,7388,0
30,0.1,15470,2,17
30,0.2,17396,2,21
30,0.4,18427,2,17
30,0.6,21449,2,17
30,0.8,17473,2,16
30,0.9,18240,2,17
30,1.0,17595,2,19
30,0.0,13647,2,22
30,0.005,4425,0
30,0.01,13410,2,29
30,0.03,840,0
30,0.05,5970,0
30,0.1,16711,2,19
30,0.2,19230,2,20
30,0.4,17179,2,16
30,0.6,15451,2,19
30,0.8,14657,2,18
30,0.9,14062,2,17
30,1.0,14667,2,20
