4,0
8,0
10,2,9
12,2,11
15,2,14
20,2,18
30,2,25
4,0
8,0
10,2,9
12,0
15,2,14
20,2,17
30,2,28
4,0
8,0
10,2,9
12,2,11
15,2,14
20,2,19
30,2,27
4,0
8,0
10,0
12,2,11
15,0
20,2,19
30,2,26
4,0
8,0
10,0
12,2,11
15,2,14
20,2,19
30,2,26
4,0
8,0
10,2,9
12,2,10
15,0
20,2,19
30,2,26
4,0
8,0
10,0
12,2,11
15,2,14
20,2,19
30,2,26
4,0
8,0
10,0
12,2,11
15,2,14
20,2,19
30,2,26
4,0
8,0
10,2,8
12,2,11
15,2,13
20,2,17
30,2,24
4,0
8,0
10,0
12,2,11
15,0
20,2,17
30,2,26
4,0
8,0
10,0
12,0
15,2,13
20,2,19
30,2,24
4,0
8,0
10,0
12,0
15,2,14
20,2,19
30,2,24
4,0
8,0
10,0
12,0
15,0
20,2,19
30,2,26
4,0
8,0
10,0
12,0
15,0
20,2,19
30,2,26
4,0
8,0
10,0
12,2,11
15,2,14
20,2,19
30,2,27
4,0
8,0
10,0
12,2,10
15,2,14
20,2,19
30,2,26
4,0
8,0
10,0
12,0
15,0
20,2,17
30,2,26
50,2,38
70,2,50
100,2,64
4,0
8,0
10,0
12,0
15,2,14
20,2,19
30,2,25
50,2,41
70,2,47
100,2,63
4,0
8,0
10,0
12,0
15,2,14
20,2,18
30,2,26
50,2,37
70,2,44
100,2,59
4,0
8,0
10,2,9
12,2,10
15,2,14
20,2,19
30,2,26
50,2,35
70,2,51
100,2,63
4,0
8,0
10,0
12,2,11
15,2,14
20,2,19
30,2,27
50,2,41
70,2,48
100,2,58
4,0
8,0
10,2,9
12,2,11
15,0
20,2,19
30,2,25
50,2,36
70,2,43
100,2,64
4,0
8,0
10,0
12,0
15,2,14
20,2,18
30,2,26
50,2,36
70,2,49
100,2,61
4,0
8,0
10,0
12,2,11
15,2,14
20,2,19
30,2,26
50,2,38
70,2,48
100,2,59
4,0
8,0
10,2,9
12,2,11
15,0
20,2,18
30,2,24
50,2,34
70,2,49
100,2,66
4,0
8,0
10,2,9
12,2,11
15,2,14
20,2,17
30,2,24
50,2,37
70,2,45
100,2,63
4,0
8,0
10,0
12,0
15,2,14
20,2,18
30,2,27
50,2,37
70,2,46
100,2,68
4,0
8,0
10,2,9
12,0
15,2,14
20,2,19
30,2,27
50,2,36
70,2,43
100,2,62
4,0
8,0
10,0
12,2,11
15,2,14
20,2,19
30,2,27
50,2,33
70,2,46
100,2,63
4,0
8,0
10,0
12,2,11
15,0
20,2,18
30,2,24
50,2,34
70,2,48
100,2,67
4,0
8,0
10,0
12,0
15,2,14
20,2,19
30,2,26
50,2,34
70,2,43
100,2,56
