4,0
8,0
10,0
12,0
15,0
20,2,19
30,0
50,0
70,2,62
100,2,68
4,0
8,0
10,0
12,0
15,0
20,0
30,0
50,0
70,2,62
100,2,67
4,0
8,0
10,0
12,0
15,0
20,0
30,0
50,0
70,2,57
100,2,64
4,0
8,0
10,0
12,0
15,0
20,0
30,0
50,0
70,2,58
100,2,70
4,0
8,0
10,0
12,0
15,0
20,0
30,0
50,0
70,2,64
100,2,64
4,0
8,0
10,0
12,0
15,0
20,0
30,0
50,0
70,2,61
4,0
8,0
10,0
12,0
15,0
20,0
30,0
4,0
8,0
10,0
12,0
15,0
20,0
30,0
4,0
8,0
10,0
12,0
15,2,14
20,0
30,0
4,0
8,0
10,2,9
12,0
15,0
20,0
30,0
4,0
8,0
10,0
12,0
15,0
20,2,19
30,0
4,0
8,0
10,0
12,2,11
15,0
20,0
30,0
4,0
8,0
10,0
12,0
15,0
20,0
30,0
4,0
8,0
10,0
12,2,11
15,0
20,2,19
30,0
4,0
8,0
10,0
12,0
15,0
20,0
30,0
4,0
8,0
10,0
12,0
15,2,14
20,0
30,0
