30,0.2,,0.22731,2,18
30,0.2,,0.42907,2,22
30,0.2,,0.63351,2,21
30,0.2,,0.93812,2,20
30,0.2,,1.23515,2,21
30,0.2,,1.494453573,2,21
30,0.2,,1.63569,2,21
30,0.2,,1.93493,2,23
30,0.4,,0.23244,2,18
30,0.4,,0.43627,2,21
30,0.4,,0.63703,2,20
30,0.4,,0.93499,2,18
30,0.4,,1.23516,2,18
30,0.4,,1.494453603,2,20
30,0.4,,1.63489,2,21
30,0.4,,1.93542,2,20
30,0.6,,0.23515,2,18
30,0.6,,0.43673,2,19
30,0.6,,0.63512,2,20
30,0.6,,0.93557,2,19
30,0.6,,1.23469,2,21
30,0.6,,1.494453381,2,20
30,0.6,,1.63464,2,20
30,0.6,,1.93512,2,19
30,0.9,,0.23646,2,19
30,0.9,,0.43616,2,19
30,0.9,,0.63516,2,20
30,0.9,,0.93644,2,22
30,0.9,,1.23495,2,20
30,0.9,,1.494453590,2,20
30,0.9,,1.63558,2,20
30,0.9,,1.93560,2,20
30,1.2,,0.23728,2,21
30,1.2,,0.43638,2,20
30,1.2,,0.63796,2,17
30,1.2,,0.94495,2,20
30,1.2,,1.23543,2,21
30,1.2,,1.494453977,2,18
30,1.2,,1.64167,2,18
30,1.2,,1.94195,2,20
30,1.49445,,0.23677,2,22
30,1.49445,,0.43455,2,18
30,1.49445,,0.64066,2,19
30,1.49445,,0.93898,2,21
30,1.49445,,1.23826,2,22
30,1.49445,,1.494453515,2,19
30,1.49445,,1.63686,2,18
30,1.49445,,1.93783,2,20
30,1.6,,0.23820,2,22
30,1.6,,0.43863,2,19
30,1.6,,0.63558,2,20
30,1.6,,0.93475,2,20
30,1.6,,1.23433,2,20
30,1.6,,1.494453512,2,20
30,1.6,,1.63581,2,21
30,1.6,,1.93510,2,20
30,1.9,,0.23775,2,21
30,1.9,,0.43783,2,17
30,1.9,,0.63582,2,18
30,1.9,,0.93848,2,20
30,1.9,,1.23589,2,19
30,1.9,,1.494453525,2,20
30,1.9,,1.63432,2,20
30,1.9,,1.93267,2,16
30,0.2,,0.22918,2,18
30,0.2,,0.43030,2,21
30,0.2,,0.63556,2,20
30,0.2,,0.93913,2,19
30,0.2,,1.23848,2,20
30,0.2,,1.494453822,2,21
30,0.2,,1.63600,2,21
30,0.2,,1.93649,2,22
30,0.4,,0.23405,2,19
30,0.4,,0.43669,2,16
30,0.4,,0.63823,2,17
30,0.4,,0.93299,2,20
30,0.4,,1.23793,2,21
30,0.4,,1.494453650,2,21
30,0.4,,1.63821,2,22
30,0.4,,1.93623,2,22
30,0.6,,0.23312,2,19
30,0.6,,0.43689,2,19
30,0.6,,0.63692,2,20
30,0.6,,0.93804,2,18
30,0.6,,1.23717,2,21
30,0.6,,1.494453520,2,20
30,0.6,,1.63586,2,22
30,0.6,,1.93465,2,19
30,0.9,,0.23520,2,22
30,0.9,,0.43953,2,18
30,0.9,,0.63575,2,19
30,0.9,,0.93402,2,20
30,0.9,,1.23470,2,21
30,0.9,,1.494453719,2,20
30,0.9,,1.63403,2,19
30,0.9,,1.93214,2,18
30,1.2,,0.23518,2,19
30,1.2,,0.43348,2,21
30,1.2,,0.63540,2,18
30,1.2,,0.93406,2,18
30,1.2,,1.23296,2,20
30,1.2,,1.494453261,2,21
30,1.2,,1.63486,2,19
30,1.2,,1.93474,2,19
30,1.49445,,0.23380,2,21
30,1.49445,,0.43603,2,21
30,1.49445,,0.63905,2,20
30,1.49445,,0.93465,2,20
30,1.49445,,1.23460,2,19
30,1.49445,,1.494453449,2,20
30,1.49445,,1.63418,2,19
30,1.49445,,1.93470,2,19
30,1.6,,0.23449,2,19
30,1.6,,0.43458,2,21
30,1.6,,0.63548,2,20
30,1.6,,0.93504,2,19
30,1.6,,1.23675,2,18
30,1.6,,1.494454952,2,21
30,1.6,,1.63594,2,20
30,1.6,,1.93764,2,21
30,1.9,,0.23409,2,22
30,1.9,,0.43372,2,18
30,1.9,,0.63250,2,19
30,1.9,,0.93596,2,22
30,1.9,,1.23417,2,20
30,1.9,,1.494453556,2,20
30,1.9,,1.63261,2,18
30,1.9,,1.93341,2,19
30,0.2,,0.22817,2,21
30,0.2,,0.43079,2,20
30,0.2,,0.63195,2,17
30,0.2,,0.93332,2,22
30,0.2,,1.23222,2,20
30,0.2,,1.494453249,2,20
30,0.2,,1.63317,2,21
30,0.2,,1.93479,2,19
30,0.4,,0.23271,2,18
30,0.4,,0.43538,2,19
30,0.4,,0.63401,2,18
30,0.4,,0.93294,2,20
30,0.4,,1.23187,2,19
30,0.4,,1.494453452,2,21
30,0.4,,1.63279,2,22
30,0.4,,1.93412,2,20
30,0.6,,0.23329,2,20
30,0.6,,0.43683,2,20
30,0.6,,0.63715,2,21
30,0.6,,0.93330,2,18
30,0.6,,1.23632,2,17
30,0.6,,1.494453796,2,20
30,0.6,,1.63570,2,18
30,0.6,,1.93651,2,20
30,0.9,,0.23833,2,20
30,0.9,,0.43673,2,17
30,0.9,,0.63490,2,21
30,0.9,,0.93688,2,19
30,0.9,,1.23596,2,20
30,0.9,,1.494453481,2,20
30,0.9,,1.63507,2,19
30,0.9,,1.93600,2,23
30,1.2,,0.23885,2,19
30,1.2,,0.43465,2,20
30,1.2,,0.63875,2,18
30,1.2,,0.94656,2,21
30,1.2,,1.24041,2,19
30,1.2,,1.494453716,2,21
30,1.2,,1.63442,2,20
30,1.2,,1.93265,2,20
30,1.49445,,0.23522,2,19
30,1.49445,,0.43355,2,20
30,1.49445,,0.63830,2,21
30,1.49445,,0.93703,2,21
30,1.49445,,1.23883,2,18
30,1.49445,,1.494454955,2,18
30,1.49445,,1.63628,2,18
30,1.49445,,1.94604,2,20
30,1.6,,0.23306,2,22
30,1.6,,0.43220,2,19
30,1.6,,0.63146,2,20
30,1.6,,0.93194,2,18
30,1.6,,1.23181,2,19
30,1.6,,1.494453256,2,20
30,1.6,,1.63587,2,19
30,1.6,,1.93279,2,20
30,1.9,,0.23139,2,21
30,1.9,,0.43259,2,21
30,1.9,,0.63468,2,18
30,1.9,,0.93255,2,20
30,1.9,,1.23440,2,18
30,1.9,,1.494453227,2,21
30,1.9,,1.63179,2,20
30,1.9,,1.93733,2,21
30,0.2,,0.22726,2,19
30,0.2,,0.42878,2,16
30,0.2,,0.63200,2,22
30,0.2,,0.93381,2,18
30,0.2,,1.23489,2,19
30,0.2,,1.494453455,2,20
30,0.2,,1.63591,2,18
30,0.2,,1.93754,2,19
30,0.4,,0.23133,2,18
30,0.4,,0.43492,2,20
30,0.4,,0.63633,2,19
30,0.4,,0.93484,2,19
30,0.4,,1.23468,2,19
30,0.4,,1.494453297,2,19
30,0.4,,1.63292,2,21
30,0.4,,1.93251,2,22
30,0.6,,0.23347,2,20
30,0.6,,0.43535,2,19
30,0.6,,0.63458,2,19
30,0.6,,0.93264,2,18
30,0.6,,1.23227,2,21
30,0.6,,1.494453283,2,21
30,0.6,,1.63240,2,20
30,0.6,,1.93312,2,21
30,0.9,,0.23441,2,21
30,0.9,,0.43309,2,21
30,0.9,,0.63281,2,21
30,0.9,,0.93273,2,22
30,0.9,,1.23237,2,20
30,0.9,,1.494453595,2,19
30,0.9,,1.63439,2,19
30,0.9,,1.93341,2,20
30,1.2,,0.23498,2,20
30,1.2,,0.43330,2,19
30,1.2,,0.63261,2,23
30,1.2,,0.93629,2,21
30,1.2,,1.23322,2,21
30,1.2,,1.494453361,2,20
30,1.2,,1.63351,2,20
30,1.2,,1.93454,2,21
30,1.49445,,0.23619,2,20
30,1.49445,,0.43510,2,20
30,1.49445,,0.64022,2,17
30,1.49445,,0.94784,2,21
30,1.49445,,1.23709,2,23
30,1.49445,,1.494453284,2,22
30,1.49445,,1.63377,2,22
30,1.49445,,1.93474,2,20
30,1.6,,0.23823,2,17
30,1.6,,0.43428,2,17
30,1.6,,0.63518,2,21
30,1.6,,0.93513,2,21
30,1.6,,1.23384,2,21
30,1.6,,1.494453565,2,20
30,1.6,,1.63529,2,18
30,1.6,,1.93412,2,20
30,1.9,,0.23576,2,21
30,1.9,,0.43839,2,21
30,1.9,,0.63207,2,19
30,1.9,,0.93339,2,19
30,1.9,,1.23360,2,20
30,1.9,,1.494453820,2,18
30,1.9,,1.63506,2,19
30,1.9,,1.93719,2,19
30,0.2,,0.23474,2,19
30,0.2,,0.43076,2,20
30,0.2,,0.63291,2,20
30,0.2,,0.93573,2,19
30,0.2,,1.23368,2,21
30,0.2,,1.494453137,2,21
30,0.2,,1.63251,2,20
30,0.2,,1.93314,2,20
30,0.4,,0.23147,2,20
30,0.4,,0.43419,2,20
30,0.4,,0.63555,2,17
30,0.4,,0.93364,2,19
30,0.4,,1.23227,2,21
30,0.4,,1.494453147,2,20
30,0.4,,1.63591,2,18
30,0.4,,1.93982,2,19
30,0.6,,0.23446,2,21
30,0.6,,0.43505,2,22
30,0.6,,0.63474,2,20
30,0.6,,0.93513,2,18
30,0.6,,1.23326,2,21
30,0.6,,1.494453393,2,21
30,0.6,,1.63443,2,18
30,0.6,,1.93370,2,20
30,0.9,,0.23630,2,19
30,0.9,,0.43605,2,17
30,0.9,,0.63502,2,18
30,0.9,,0.93401,2,19
30,0.9,,1.23513,2,22
30,0.9,,1.494453684,2,20
30,0.9,,1.63393,2,22
30,0.9,,1.93535,2,21
30,1.2,,0.23658,2,21
30,1.2,,0.43517,2,20
30,1.2,,0.63393,2,23
30,1.2,,0.93573,2,19
30,1.2,,1.24039,2,18
30,1.2,,1.494454542,2,21
30,1.2,,1.64760,2,19
30,1.2,,1.93659,2,19
30,1.49445,,0.23808,2,21
30,1.49445,,0.43971,2,20
30,1.49445,,0.64182,2,19
30,1.49445,,0.93655,2,19
30,1.49445,,1.23625,2,21
30,1.49445,,1.494454325,2,19
30,1.49445,,1.65048,2,23
30,1.49445,,1.93930,2,23
30,1.6,,0.24475,2,21
30,1.6,,0.44128,2,18
30,1.6,,0.63575,2,20
30,1.6,,0.93639,2,21
30,1.6,,1.24147,2,18
30,1.6,,1.494454044,2,18
30,1.6,,1.63510,2,22
30,1.6,,1.93725,2,18
30,1.9,,0.23601,2,21
30,1.9,,0.43594,2,20
30,1.9,,0.63415,2,22
30,1.9,,0.93590,2,21
30,1.9,,1.23660,2,23
30,1.9,,1.494453881,2,19
30,1.9,,1.64060,2,21
30,1.9,,1.94691,2,19
30,0.2,,0.23634,2,18
30,0.2,,0.43416,2,20
30,0.2,,0.63558,2,20
30,0.2,,0.93889,2,19
30,0.2,,1.23801,2,20
30,0.2,,1.494453734,2,20
30,0.2,,1.63521,2,19
30,0.2,,1.93550,2,20
30,0.4,,0.23347,2,22
30,0.4,,0.43592,2,21
30,0.4,,0.63642,2,18
30,0.4,,0.93724,2,19
30,0.4,,1.23623,2,20
30,0.4,,1.494453538,2,19
30,0.4,,1.63584,2,21
30,0.4,,1.93593,2,20
30,0.6,,0.23647,2,22
30,0.6,,0.43632,2,19
30,0.6,,0.63637,2,18
30,0.6,,0.93609,2,19
30,0.6,,1.23401,2,19
30,0.6,,1.494453448,2,19
30,0.6,,1.63715,2,20
30,0.6,,1.93564,2,19
30,0.9,,0.23632,2,19
30,0.9,,0.43621,2,18
30,0.9,,0.63541,2,22
30,0.9,,0.93658,2,20
30,0.9,,1.23494,2,18
30,0.9,,1.494453563,2,19
30,0.9,,1.63498,2,20
30,0.9,,1.93406,2,19
30,1.2,,0.23645,2,23
30,1.2,,0.43582,2,21
30,1.2,,0.63501,2,20
30,1.2,,0.93577,2,21
30,1.2,,1.24191,2,21
30,1.2,,1.494453579,2,18
30,1.2,,1.63447,2,20
30,1.2,,1.93542,2,21
30,1.49445,,0.23587,2,21
30,1.49445,,0.43590,2,20
30,1.49445,,0.63480,2,20
30,1.49445,,0.93538,2,20
30,1.49445,,1.23511,2,19
30,1.49445,,1.494453389,2,21
30,1.49445,,1.63457,2,19
30,1.49445,,1.93460,2,19
30,1.6,,0.23645,2,19
30,1.6,,0.43635,2,22
30,1.6,,0.63461,2,19
30,1.6,,0.93866,2,20
30,1.6,,1.24251,2,20
30,1.6,,1.494453809,2,18
30,1.6,,1.64366,2,21
30,1.6,,1.94658,2,20
30,1.9,,0.24225,2,18
30,1.9,,0.44174,2,20
30,1.9,,0.64506,2,20
30,1.9,,0.94133,2,20
30,1.9,,1.24554,2,19
30,1.9,,1.494454912,2,18
30,1.9,,1.64166,2,20
30,1.9,,1.94570,2,20
30,0.2,,0.23334,2,17
30,0.2,,0.43165,2,21
30,0.2,,0.63672,2,19
30,0.2,,0.93964,2,22
30,0.2,,1.23831,2,21
30,0.2,,1.494453377,2,21
30,0.2,,1.63291,2,20
30,0.2,,1.93519,2,17
30,0.4,,0.23018,2,20
30,0.4,,0.43346,2,18
30,0.4,,0.63634,2,18
30,0.4,,0.93393,2,20
30,0.4,,1.23310,2,19
30,0.4,,1.494453660,2,19
30,0.4,,1.63548,2,20
30,0.4,,1.93279,2,19
30,0.6,,0.23637,2,19
30,0.6,,0.44108,2,20
30,0.6,,0.63466,2,19
30,0.6,,0.93661,2,20
30,0.6,,1.23750,2,21
30,0.6,,1.494453797,2,20
30,0.6,,1.63767,2,21
30,0.6,,1.93686,2,22
30,0.9,,0.23942,2,18
30,0.9,,0.43945,2,20
30,0.9,,0.63655,2,17
30,0.9,,0.93665,2,19
30,0.9,,1.23797,2,21
30,0.9,,1.494453768,2,18
30,0.9,,1.63409,2,19
30,0.9,,1.93319,2,21
30,1.2,,0.23638,2,19
30,1.2,,0.43725,2,21
30,1.2,,0.63525,2,20
30,1.2,,0.93732,2,18
30,1.2,,1.24216,2,22
30,1.2,,1.494454142,2,20
30,1.2,,1.63381,2,19
30,1.2,,1.93233,2,20
30,1.49445,,0.23563,2,20
30,1.49445,,0.43417,2,23
30,1.49445,,0.63268,2,22
30,1.49445,,0.93433,2,19
30,1.49445,,1.23379,2,20
30,1.49445,,1.494453388,2,19
30,1.49445,,1.63401,2,21
30,1.49445,,1.93381,2,19
30,1.6,,0.23229,2,20
30,1.6,,0.43403,2,19
30,1.6,,0.63372,2,19
30,1.6,,0.93199,2,20
30,1.6,,1.23347,2,21
30,1.6,,1.494453346,2,20
30,1.6,,1.63229,2,20
30,1.6,,1.93401,2,20
30,1.9,,0.23594,2,19
30,1.9,,0.43272,2,21
30,1.9,,0.63903,2,19
30,1.9,,0.94138,2,19
30,1.9,,1.24608,2,21
30,1.9,,1.494455970,2,20
30,1.9,,1.64469,2,20
30,1.9,,1.93456,2,19
30,0.2,,0.22712,2,20
30,0.2,,0.43163,2,21
30,0.2,,0.63152,2,19
30,0.2,,0.93426,2,18
30,0.2,,1.23514,2,17
30,0.2,,1.494453279,2,20
30,0.2,,1.63189,2,20
30,0.2,,1.93509,2,20
30,0.4,,0.23088,2,21
30,0.4,,0.43286,2,21
30,0.4,,0.63645,2,19
30,0.4,,0.93403,2,19
30,0.4,,1.23238,2,21
30,0.4,,1.494453462,2,20
30,0.4,,1.63304,2,20
30,0.4,,1.93287,2,21
30,0.6,,0.23577,2,18
30,0.6,,0.43577,2,18
30,0.6,,0.63331,2,20
30,0.6,,0.93424,2,19
30,0.6,,1.23480,2,16
30,0.6,,1.494453177,2,19
30,0.6,,1.63391,2,19
30,0.6,,1.93477,2,20
30,0.9,,0.23390,2,20
30,0.9,,0.43357,2,20
30,0.9,,0.63581,2,19
30,0.9,,0.93203,2,22
30,0.9,,1.23273,2,21
30,0.9,,1.494453518,2,20
30,0.9,,1.63141,2,18
30,0.9,,1.93286,2,18
30,1.2,,0.23589,2,22
30,1.2,,0.43208,2,21
30,1.2,,0.63281,2,19
30,1.2,,0.93643,2,20
30,1.2,,1.23247,2,20
30,1.2,,1.494453237,2,19
30,1.2,,1.63520,2,19
30,1.2,,1.93325,2,20
30,1.49445,,0.23569,2,20
30,1.49445,,0.43474,2,22
30,1.49445,,0.63305,2,20
30,1.49445,,0.93245,2,19
30,1.49445,,1.23462,2,19
30,1.49445,,1.494453323,2,19
30,1.49445,,1.63305,2,20
30,1.49445,,1.93436,2,20
30,1.6,,0.23301,2,19
30,1.6,,0.43213,2,19
30,1.6,,0.63450,2,19
30,1.6,,0.93325,2,20
30,1.6,,1.23251,2,19
30,1.6,,1.494453450,2,19
30,1.6,,1.63355,2,19
30,1.6,,1.93311,2,22
30,1.9,,0.23472,2,19
30,1.9,,0.43422,2,17
30,1.9,,0.63174,2,20
30,1.9,,0.93412,2,20
30,1.9,,1.23347,2,20
30,1.9,,1.494453158,2,21
30,1.9,,1.63389,2,18
30,1.9,,1.93327,2,19
30,0.2,,0.22746,2,18
30,0.2,,0.43189,2,19
30,0.2,,0.63087,2,19
30,0.2,,0.93418,2,18
30,0.2,,1.23605,2,21
30,0.2,,1.494453253,2,22
30,0.2,,1.63247,2,22
30,0.2,,1.93528,2,21
30,0.4,,0.23044,2,21
30,0.4,,0.43345,2,20
30,0.4,,0.63593,2,21
30,0.4,,0.93359,2,19
30,0.4,,1.23221,2,19
30,0.4,,1.494453538,2,22
30,0.4,,1.63250,2,20
30,0.4,,1.93294,2,20
30,0.6,,0.23577,2,20
30,0.6,,0.43535,2,20
30,0.6,,0.63364,2,19
30,0.6,,0.93457,2,24
30,0.6,,1.23391,2,21
30,0.6,,1.494453197,2,21
30,0.6,,1.63390,2,22
30,0.6,,1.93439,2,19
30,0.9,,0.23409,2,21
30,0.9,,0.43433,2,22
30,0.9,,0.63450,2,20
30,0.9,,0.93231,2,19
30,0.9,,1.23342,2,19
30,0.9,,1.494453552,2,20
30,0.9,,1.63190,2,19
30,0.9,,1.93387,2,20
30,1.2,,0.23614,2,19
30,1.2,,0.43241,2,20
30,1.2,,0.63272,2,19
30,1.2,,0.93559,2,18
30,1.2,,1.23275,2,18
30,1.2,,1.494453266,2,17
30,1.2,,1.63535,2,19
30,1.2,,1.93285,2,22
30,1.49445,,0.23323,2,19
30,1.49445,,0.43514,2,20
30,1.49445,,0.63279,2,20
30,1.49445,,0.93181,2,19
30,1.49445,,1.23514,2,18
30,1.49445,,1.494453283,2,19
30,1.49445,,1.63276,2,21
30,1.49445,,1.93518,2,18
30,1.6,,0.23357,2,22
30,1.6,,0.43269,2,21
30,1.6,,0.63403,2,23
30,1.6,,0.93347,2,19
30,1.6,,1.23256,2,17
30,1.6,,1.494453501,2,22
30,1.6,,1.63368,2,20
30,1.6,,1.93224,2,19
30,1.9,,0.23493,2,20
30,1.9,,0.43361,2,21
30,1.9,,0.63214,2,20
30,1.9,,0.93446,2,22
30,1.9,,1.23354,2,20
30,1.9,,1.494453218,2,19
30,1.9,,1.63472,2,20
30,1.9,,1.93421,2,21
30,0.2,,0.22650,2,19
30,0.2,,0.43128,2,19
30,0.2,,0.63164,2,20
30,0.2,,0.93443,2,19
30,0.2,,1.23552,2,20
30,0.2,,1.494453349,2,21
30,0.2,,1.63271,2,20
30,0.2,,1.93581,2,20
30,0.4,,0.23089,2,22
30,0.4,,0.43364,2,17
30,0.4,,0.63584,2,18
30,0.4,,0.93381,2,19
30,0.4,,1.23241,2,20
30,0.4,,1.494453411,2,20
30,0.4,,1.63272,2,19
30,0.4,,1.93242,2,20
30,0.6,,0.23454,2,19
30,0.6,,0.43458,2,17
30,0.6,,0.63354,2,19
30,0.6,,0.93430,2,20
30,0.6,,1.23372,2,22
30,0.6,,1.494453228,2,20
30,0.6,,1.63399,2,20
30,0.6,,1.93422,2,21
30,0.9,,0.23399,2,20
30,0.9,,0.43405,2,18
30,0.9,,0.63598,2,19
30,0.9,,0.93663,2,19
30,0.9,,1.23836,2,18
30,0.9,,1.494453794,2,21
30,0.9,,1.63597,2,20
30,0.9,,1.93172,2,21
30,1.2,,0.23448,2,19
30,1.2,,0.43526,2,21
30,1.2,,0.63241,2,18
30,1.2,,0.93358,2,18
30,1.2,,1.23557,2,20
30,1.2,,1.494453220,2,20
30,1.2,,1.63312,2,20
30,1.2,,1.93523,2,19
30,1.49445,,0.23307,2,20
30,1.49445,,0.43252,2,21
30,1.49445,,0.63525,2,21
30,1.49445,,0.93275,2,18
30,1.49445,,1.23252,2,21
30,1.49445,,1.494453539,2,19
30,1.49445,,1.63355,2,21
30,1.49445,,1.93332,2,19
30,1.6,,0.23580,2,22
30,1.6,,0.43348,2,21
30,1.6,,0.63266,2,19
30,1.6,,0.93467,2,17
30,1.6,,1.23353,2,17
30,1.6,,1.494453247,2,19
30,1.6,,1.63488,2,18
30,1.6,,1.93393,2,20
30,1.9,,0.23392,2,19
30,1.9,,0.43484,2,19
30,1.9,,0.63496,2,19
30,1.9,,0.93248,2,20
30,1.9,,1.23380,2,20
30,1.9,,1.494453523,2,20
30,1.9,,1.63247,2,19
30,1.9,,1.93385,2,19
30,0.2,,0.22903,2,20
30,0.2,,0.43095,2,18
30,0.2,,0.63375,2,20
30,0.2,,0.93372,2,19
30,0.2,,1.23405,2,19
30,0.2,,1.494453454,2,19
30,0.2,,1.63155,2,19
30,0.2,,1.93362,2,17
30,0.4,,0.23114,2,20
30,0.4,,0.43314,2,19
30,0.4,,0.63498,2,19
30,0.4,,0.93512,2,19
30,0.4,,1.23161,2,22
30,0.4,,1.494453369,2,19
30,0.4,,1.63455,2,21
30,0.4,,1.93163,2,18
30,0.6,,0.23321,2,18
30,0.6,,0.43605,2,19
30,0.6,,0.63260,2,18
30,0.6,,0.93315,2,17
30,0.6,,1.23497,2,18
30,0.6,,1.494453170,2,20
30,0.6,,1.63267,2,22
30,0.6,,1.93467,2,22
30,0.9,,0.23343,2,19
30,0.9,,0.43314,2,20
30,0.9,,0.63520,2,19
30,0.9,,0.93277,2,18
30,0.9,,1.23311,2,19
30,0.9,,1.494453489,2,19
30,0.9,,1.63264,2,21
30,0.9,,1.93268,2,20
30,1.2,,0.23607,2,18
30,1.2,,0.43274,2,20
30,1.2,,0.63248,2,21
30,1.2,,0.93501,2,20
30,1.2,,1.23302,2,18
30,1.2,,1.494453237,2,19
30,1.2,,1.63448,2,20
30,1.2,,1.93282,2,20
30,1.49445,,0.23316,2,21
30,1.49445,,0.43432,2,20
30,1.49445,,0.63250,2,17
30,1.49445,,0.93269,2,22
30,1.49445,,1.23464,2,20
30,1.49445,,1.494453267,2,21
30,1.49445,,1.63213,2,19
30,1.49445,,1.93530,2,19
30,1.6,,0.23333,2,17
30,1.6,,0.43289,2,20
30,1.6,,0.63428,2,19
30,1.6,,0.93228,2,20
30,1.6,,1.23205,2,21
30,1.6,,1.494453461,2,20
30,1.6,,1.63301,2,19
30,1.6,,1.93237,2,21
30,1.9,,0.23458,2,20
30,1.9,,0.43299,2,21
30,1.9,,0.63332,2,21
30,1.9,,0.93438,2,20
30,1.9,,1.23350,2,22
30,1.9,,1.494453174,2,21
30,1.9,,1.63485,2,20
30,1.9,,1.93292,2,20
30,0.2,,0.22804,2,19
30,0.2,,0.43257,2,18
30,0.2,,0.62968,2,21
30,0.2,,0.93484,2,21
30,0.2,,1.23510,2,17
30,0.2,,1.494453220,2,18
30,0.2,,1.63242,2,19
30,0.2,,1.93497,2,20
30,0.4,,0.22985,2,20
30,0.4,,0.43433,2,19
30,0.4,,0.63765,2,20
30,0.4,,0.93408,2,22
30,0.4,,1.23389,2,20
30,0.4,,1.494453488,2,19
30,0.4,,1.63285,2,19
30,0.4,,1.93194,2,20
30,0.6,,0.23503,2,19
30,0.6,,0.43425,2,19
30,0.6,,0.63396,2,21
30,0.6,,0.93420,2,20
30,0.6,,1.23440,2,22
30,0.6,,1.494453245,2,20
30,0.6,,1.63385,2,18
30,0.6,,1.93388,2,19
30,0.9,,0.23353,2,22
30,0.9,,0.43453,2,18
30,0.9,,0.63474,2,20
30,0.9,,0.93205,2,16
30,0.9,,1.23396,2,20
30,0.9,,1.494453542,2,22
30,0.9,,1.63181,2,20
30,0.9,,1.93303,2,21
30,1.2,,0.23523,2,19
30,1.2,,0.43149,2,20
30,1.2,,0.63344,2,19
30,1.2,,0.93634,2,20
30,1.2,,1.23127,2,22
30,1.2,,1.494453289,2,17
30,1.2,,1.63492,2,21
30,1.2,,1.93150,2,19
30,1.49445,,0.23436,2,23
30,1.49445,,0.43587,2,19
30,1.49445,,0.63159,2,19
30,1.49445,,0.93333,2,21
30,1.49445,,1.23565,2,21
30,1.49445,,1.494453178,2,20
30,1.49445,,1.63264,2,20
30,1.49445,,1.93542,2,20
30,1.6,,0.23283,2,17
30,1.6,,0.43251,2,20
30,1.6,,0.63513,2,21
30,1.6,,0.93207,2,20
30,1.6,,1.23277,2,19
30,1.6,,1.494453522,2,20
30,1.6,,1.63223,2,20
30,1.6,,1.93260,2,20
30,1.9,,0.23548,2,20
30,1.9,,0.43224,2,21
30,1.9,,0.63225,2,21
30,1.9,,0.93515,2,20
30,1.9,,1.23237,2,20
30,1.9,,1.494453240,2,17
30,1.9,,1.63503,2,18
30,1.9,,1.93279,2,21
30,0.2,,0.22781,2,18
30,0.2,,0.43089,2,19
30,0.2,,0.63211,2,19
30,0.2,,0.93462,2,19
30,0.2,,1.23495,2,17
30,0.2,,1.494453186,2,20
30,0.2,,1.63345,2,20
30,0.2,,1.93431,2,20
30,0.4,,0.23008,2,19
30,0.4,,0.43511,2,22
30,0.4,,0.63620,2,20
30,0.4,,0.93221,2,18
30,0.4,,1.23338,2,20
30,0.4,,1.494453445,2,18
30,0.4,,1.63151,2,20
30,0.4,,1.93322,2,20
30,0.6,,0.23619,2,22
30,0.6,,0.43341,2,19
30,0.6,,0.63371,2,21
30,0.6,,0.93609,2,20
30,0.6,,1.23271,2,20
30,0.6,,1.494453297,2,20
30,0.6,,1.63540,2,19
30,0.6,,1.93271,2,21
30,0.9,,0.23385,2,22
30,0.9,,0.43482,2,20
30,0.9,,0.63315,2,20
30,0.9,,0.93221,2,20
30,0.9,,1.23447,2,19
30,0.9,,1.494453306,2,21
30,0.9,,1.63179,2,22
30,0.9,,1.93497,2,23
30,1.2,,0.23460,2,20
30,1.2,,0.43270,2,21
30,1.2,,0.63406,2,18
30,1.2,,0.93321,2,18
30,1.2,,1.23240,2,19
30,1.2,,1.494453444,2,21
30,1.2,,1.63334,2,22
30,1.2,,1.93314,2,21
30,1.49445,,0.23466,2,22
30,1.49445,,0.43402,2,20
30,1.49445,,0.63252,2,20
30,1.49445,,0.93529,2,21
30,1.49445,,1.23412,2,21
30,1.49445,,1.494453184,2,21
30,1.49445,,1.63387,2,19
30,1.49445,,1.93435,2,18
30,1.6,,0.23222,2,17
30,1.6,,0.43319,2,20
30,1.6,,0.63385,2,21
30,1.6,,0.93208,2,20
30,1.6,,1.23358,2,18
30,1.6,,1.494453391,2,21
30,1.6,,1.63187,2,19
30,1.6,,1.93404,2,18
30,1.9,,0.23471,2,20
30,1.9,,0.43136,2,20
30,1.9,,0.63492,2,19
30,1.9,,0.93470,2,21
30,1.9,,1.23209,2,20
30,1.9,,1.494453340,2,19
30,1.9,,1.63497,2,20
30,1.9,,1.93135,2,20
30,0.2,,0.22938,2,17
30,0.2,,0.42930,2,18
30,0.2,,0.63025,2,21
30,0.2,,0.93600,2,19
30,0.2,,1.23304,2,21
30,0.2,,1.494453308,2,18
30,0.2,,1.63500,2,18
30,0.2,,1.93301,2,20
30,0.4,,0.23059,2,20
30,0.4,,0.43706,2,21
30,0.4,,0.63404,2,21
30,0.4,,0.93293,2,18
30,0.4,,1.23415,2,19
30,0.4,,1.494453292,2,22
30,0.4,,1.63241,2,19
30,0.4,,1.93440,2,21
30,0.6,,0.23433,2,20
30,0.6,,0.43381,2,19
30,0.6,,0.63526,2,18
30,0.6,,0.93415,2,18
30,0.6,,1.23181,2,19
30,0.6,,1.494453362,2,19
30,0.6,,1.63425,2,20
30,0.6,,1.93220,2,19
30,0.9,,0.23496,2,19
30,0.9,,0.43550,2,20
30,0.9,,0.63188,2,22
30,0.9,,0.93353,2,21
30,0.9,,1.23466,2,19
30,0.9,,1.494453193,2,20
30,0.9,,1.63300,2,22
30,0.9,,1.93444,2,18
30,1.2,,0.23306,2,20
30,1.2,,0.43278,2,18
30,1.2,,0.63560,2,18
30,1.2,,0.93190,2,20
30,1.2,,1.23362,2,19
30,1.2,,1.494453501,2,20
30,1.2,,1.63161,2,19
30,1.2,,1.93333,2,21
30,1.49445,,0.23583,2,21
30,1.49445,,0.43295,2,21
30,1.49445,,0.63244,2,21
30,1.49445,,0.93535,2,19
30,1.49445,,1.23269,2,19
30,1.49445,,1.494453234,2,22
30,1.49445,,1.63507,2,19
30,1.49445,,1.93225,2,21
30,1.6,,0.23314,2,21
30,1.6,,0.43508,2,20
30,1.6,,0.63253,2,20
30,1.6,,0.93211,2,20
30,1.6,,1.23533,2,20
30,1.6,,1.494453258,2,20
30,1.6,,1.63280,2,20
30,1.6,,1.93531,2,21
30,1.9,,0.23338,2,21
30,1.9,,0.43246,2,20
30,1.9,,0.63469,2,20
30,1.9,,0.93341,2,20
30,1.9,,1.23299,2,21
30,1.9,,1.494453484,2,20
30,1.9,,1.63310,2,20
30,1.9,,1.93349,2,21
30,0.2,,0.23124,2,21
30,0.2,,0.43018,2,21
30,0.2,,0.63244,2,20
30,0.2,,0.93720,2,21
30,0.2,,1.23337,2,19
30,0.2,,1.494453273,2,20
30,0.2,,1.63401,2,18
30,0.2,,1.93228,2,19
30,0.4,,0.23108,2,20
30,0.4,,0.43635,2,20
30,0.4,,0.63478,2,17
30,0.4,,0.93370,2,16
30,0.4,,1.23433,2,21
30,0.4,,1.494453474,2,19
30,0.4,,1.63326,2,21
30,0.4,,1.93345,2,19
30,0.6,,0.23462,2,20
30,0.6,,0.43318,2,20
30,0.6,,0.63712,2,21
30,0.6,,0.93722,2,20
30,0.6,,1.23806,2,20
30,0.6,,1.494453858,2,22
30,0.6,,1.63641,2,21
30,0.6,,1.94132,2,22
30,0.9,,0.24818,2,21
30,0.9,,0.43908,2,18
30,0.9,,0.63519,2,19
30,0.9,,0.93477,2,19
30,0.9,,1.23950,2,20
30,0.9,,1.494453399,2,22
30,0.9,,1.63969,2,18
30,0.9,,1.93803,2,19
30,1.2,,0.24087,2,21
30,1.2,,0.43378,2,20
30,1.2,,0.63554,2,18
30,1.2,,0.93463,2,19
30,1.2,,1.23729,2,17
30,1.2,,1.494453738,2,19
30,1.2,,1.63818,2,19
30,1.2,,1.93712,2,20
30,1.49445,,0.23779,2,23
30,1.49445,,0.43536,2,20
30,1.49445,,0.63429,2,22
30,1.49445,,0.93826,2,21
30,1.49445,,1.23735,2,18
30,1.49445,,1.494453666,2,20
30,1.49445,,1.63633,2,21
30,1.49445,,1.93811,2,20
30,1.6,,0.24157,2,20
30,1.6,,0.43197,2,20
30,1.6,,0.63275,2,18
30,1.6,,0.93575,2,19
30,1.6,,1.23058,2,20
30,1.6,,1.494453251,2,20
30,1.6,,1.63370,2,22
30,1.6,,1.93131,2,19
30,1.9,,0.23405,2,22
30,1.9,,0.43382,2,20
30,1.9,,0.63150,2,21
30,1.9,,0.93294,2,21
30,1.9,,1.23309,2,18
30,1.9,,1.494453192,2,18
30,1.9,,1.63435,2,20
30,1.9,,1.93388,2,18
30,0.2,,0.22644,2,19
30,0.2,,0.43301,2,19
30,0.2,,0.63061,2,18
30,0.2,,0.93433,2,18
30,0.2,,1.23515,2,18
30,0.2,,1.494453244,2,22
30,0.2,,1.63178,2,18
30,0.2,,1.93510,2,20
30,0.4,,0.22919,2,20
30,0.4,,0.43331,2,19
30,0.4,,0.63688,2,19
30,0.4,,0.93294,2,18
30,0.4,,1.23200,2,22
30,0.4,,1.494453500,2,20
30,0.4,,1.63164,2,18
30,0.4,,1.93221,2,19
30,0.6,,0.23514,2,23
30,0.6,,0.43406,2,21
30,0.6,,0.63210,2,20
30,0.6,,0.93513,2,17
30,0.6,,1.23204,2,21
30,0.6,,1.494453260,2,20
30,0.6,,1.63510,2,20
30,0.6,,1.93238,2,20
30,0.9,,0.23375,2,21
30,0.9,,0.43625,2,17
30,0.9,,0.63309,2,19
30,0.9,,0.93190,2,20
30,0.9,,1.23434,2,20
30,0.9,,1.494453235,2,21
30,0.9,,1.63176,2,21
30,0.9,,1.93550,2,19
30,1.2,,0.23431,2,22
30,1.2,,0.43283,2,22
30,1.2,,0.63426,2,19
30,1.2,,0.93315,2,21
30,1.2,,1.23209,2,21
30,1.2,,1.494453417,2,20
30,1.2,,1.63283,2,19
30,1.2,,1.93214,2,19
30,1.49445,,0.23537,2,21
30,1.49445,,0.43288,2,20
30,1.49445,,0.63176,2,18
30,1.49445,,0.93438,2,21
30,1.49445,,1.23270,2,21
30,1.49445,,1.494453275,2,20
30,1.49445,,1.63420,2,17
30,1.49445,,1.93329,2,21
30,1.6,,0.23228,2,20
30,1.6,,0.43417,2,19
30,1.6,,0.63243,2,21
30,1.6,,0.93177,2,21
30,1.6,,1.23446,2,20
30,1.6,,1.494453335,2,19
30,1.6,,1.63253,2,22
30,1.6,,1.93658,2,19
30,1.9,,0.23328,2,20
30,1.9,,0.43160,2,20
30,1.9,,0.63470,2,21
30,1.9,,0.93309,2,22
30,1.9,,1.23142,2,21
30,1.9,,1.494453444,2,21
30,1.9,,1.63315,2,21
30,1.9,,1.93297,2,20
30,0.2,,0.22935,2,20
30,0.2,,0.42755,2,20
30,0.2,,0.63224,2,18
30,0.2,,0.93553,2,21
30,0.2,,1.23153,2,20
30,0.2,,1.494453316,2,20
30,0.2,,1.63510,2,21
30,0.2,,1.93164,2,19
30,0.4,,0.23091,2,20
30,0.4,,0.43438,2,20
30,0.4,,0.63378,2,20
30,0.4,,0.93452,2,20
30,0.4,,1.23492,2,20
30,0.4,,1.494453121,2,21
30,0.4,,1.63312,2,20
30,0.4,,1.93421,2,20
30,0.6,,0.23159,2,21
30,0.6,,0.43442,2,19
30,0.6,,0.63524,2,20
30,0.6,,0.93245,2,21
30,0.6,,1.23348,2,19
30,0.6,,1.494453520,2,20
30,0.6,,1.63106,2,19
30,0.6,,1.93352,2,20
30,0.9,,0.23611,2,19
30,0.9,,0.43241,2,22
30,0.9,,0.63398,2,17
30,0.9,,0.93544,2,22
30,0.9,,1.23183,2,21
30,0.9,,1.494453211,2,21
30,0.9,,1.63498,2,20
30,0.9,,1.93151,2,20
30,1.2,,0.23302,2,22
30,1.2,,0.43574,2,20
30,1.2,,0.63219,2,19
30,1.2,,0.93283,2,21
30,1.2,,1.23567,2,20
30,1.2,,1.494453256,2,21
30,1.2,,1.63182,2,20
30,1.2,,1.93533,2,18
30,1.49445,,0.23245,2,20
30,1.49445,,0.43210,2,22
30,1.49445,,0.63594,2,20
30,1.49445,,0.93699,2,19
30,1.49445,,1.23373,2,23
30,1.49445,,1.494453707,2,18
30,1.49445,,1.64354,2,21
30,1.49445,,1.94161,2,21
30,1.6,,0.23694,2,22
30,1.6,,0.43011,2,21
30,1.6,,0.62976,2,19
30,1.6,,0.93158,2,20
30,1.6,,1.23179,2,19
30,1.6,,1.494452876,2,18
30,1.6,,1.62906,2,18
30,1.6,,1.92969,2,22
30,1.9,,0.22876,2,21
30,1.9,,0.42915,2,21
30,1.9,,0.62854,2,21
30,1.9,,0.92899,2,21
30,1.9,,1.22863,2,18
30,1.9,,1.494452950,2,17
30,1.9,,1.62931,2,20
30,1.9,,1.92846,2,20
30,0.2,,0.22507,2,21
30,0.2,,0.42560,2,17
30,0.2,,0.62897,2,20
30,0.2,,0.92974,2,18
30,0.2,,1.22937,2,20
30,0.2,,1.494452875,2,17
30,0.2,,1.62848,2,22
30,0.2,,1.92914,2,19
30,0.4,,0.22697,2,21
30,0.4,,0.42986,2,21
30,0.4,,0.62989,2,19
30,0.4,,0.92906,2,21
30,0.4,,1.22906,2,21
30,0.4,,1.494452839,2,20
30,0.4,,1.62859,2,19
30,0.4,,1.92848,2,20
30,0.6,,0.22956,2,20
30,0.6,,0.43021,2,19
30,0.6,,0.63013,2,19
30,0.6,,0.92952,2,18
30,0.6,,1.22874,2,19
30,0.6,,1.494452902,2,20
30,0.6,,1.62849,2,22
30,0.6,,1.92888,2,22
30,0.9,,0.23004,2,21
30,0.9,,0.42920,2,19
30,0.9,,0.62885,2,20
30,0.9,,0.92870,2,20
30,0.9,,1.22920,2,19
30,0.9,,1.494452874,2,21
30,0.9,,1.62913,2,21
30,0.9,,1.92908,2,20
30,1.2,,0.22934,2,21
30,1.2,,0.42962,2,20
30,1.2,,0.62850,2,19
30,1.2,,0.92927,2,19
30,1.2,,1.22911,2,21
30,1.2,,1.494452820,2,22
30,1.2,,1.62896,2,21
30,1.2,,1.92888,2,20
30,1.49445,,0.22979,2,20
30,1.49445,,0.42842,2,21
30,1.49445,,0.62917,2,20
30,1.49445,,0.92861,2,16
30,1.49445,,1.22858,2,19
30,1.49445,,1.494452901,2,20
30,1.49445,,1.62946,2,20
30,1.49445,,1.92924,2,22
30,1.6,,0.22949,2,19
30,1.6,,0.42873,2,22
30,1.6,,0.62926,2,19
30,1.6,,0.92861,2,18
30,1.6,,1.22869,2,20
30,1.6,,1.494452861,2,20
30,1.6,,1.62880,2,19
30,1.6,,1.92895,2,21
30,1.9,,0.22861,2,20
30,1.9,,0.42868,2,21
30,1.9,,0.62810,2,19
30,1.9,,0.92896,2,19
30,1.9,,1.22888,2,22
30,1.9,,1.494452910,2,21
30,1.9,,1.62878,2,18
30,1.9,,1.92900,2,18
30,0.2,,0.22489,2,20
30,0.2,,0.42503,2,17
30,0.2,,0.62832,2,19
30,0.2,,0.92941,2,23
30,0.2,,1.22926,2,20
30,0.2,,1.494452863,2,22
30,0.2,,1.62855,2,20
30,0.2,,1.92920,2,21
30,0.4,,0.22809,2,21
30,0.4,,0.43057,2,19
30,0.4,,0.62983,2,18
30,0.4,,0.93040,2,19
30,0.4,,1.22882,2,18
30,0.4,,1.494452838,2,19
30,0.4,,1.62865,2,20
30,0.4,,1.92877,2,21
30,0.6,,0.22937,2,22
30,0.6,,0.43305,2,19
30,0.6,,0.63137,2,21
30,0.6,,0.92945,2,18
30,0.6,,1.22891,2,19
30,0.6,,1.494453137,2,19
30,0.6,,1.63282,2,22
30,0.6,,1.92892,2,20
30,0.9,,0.23080,2,20
30,0.9,,0.42936,2,19
30,0.9,,0.62918,2,21
30,0.9,,0.93093,2,19
30,0.9,,1.22903,2,22
30,0.9,,1.494452944,2,19
30,0.9,,1.62822,2,22
30,0.9,,1.92983,2,20
30,1.2,,0.23016,2,19
30,1.2,,0.43078,2,17
30,1.2,,0.63144,2,20
30,1.2,,0.93281,2,22
30,1.2,,1.23118,2,20
30,1.2,,1.494453873,2,20
30,1.2,,1.63353,2,21
30,1.2,,1.94914,2,21
30,1.49445,,0.25228,2,17
30,1.49445,,0.43806,2,19
30,1.49445,,0.64734,2,21
30,1.49445,,0.93766,2,21
30,1.49445,,1.23685,2,21
30,1.49445,,1.494453753,2,21
30,1.49445,,1.63692,2,21
30,1.49445,,1.93785,2,19
30,1.6,,0.23858,2,22
30,1.6,,0.43717,2,18
30,1.6,,0.63733,2,19
30,1.6,,0.93845,2,17
30,1.6,,1.23889,2,18
30,1.6,,1.494453858,2,17
30,1.6,,1.63704,2,18
30,1.6,,1.93727,2,18
30,1.9,,0.23791,2,21
30,1.9,,0.43771,2,21
30,1.9,,0.63689,2,19
30,1.9,,0.93718,2,18
30,1.9,,1.23802,2,21
30,1.9,,1.494453771,2,20
30,1.9,,1.63894,2,21
30,1.9,,1.93959,2,21
30,0.2,,0.23231,2,19
30,0.2,,0.44629,2,19
30,0.2,,0.64138,2,19
30,0.2,,0.94731,2,20
30,0.2,,1.23943,2,20
30,0.2,,1.494453794,2,21
30,0.2,,1.63798,2,21
30,0.2,,1.93598,2,20
30,0.4,,0.22636,2,20
30,0.4,,0.43913,2,22
30,0.4,,0.63911,2,19
30,0.4,,0.93811,2,19
30,0.4,,1.23797,2,18
30,0.4,,1.494453792,2,20
30,0.4,,1.63790,2,21
30,0.4,,1.93749,2,20
30,0.6,,0.23882,2,23
30,0.6,,0.44022,2,20
30,0.6,,0.63866,2,19
30,0.6,,0.93942,2,19
30,0.6,,1.23803,2,20
30,0.6,,1.494453766,2,19
30,0.6,,1.63776,2,20
30,0.6,,1.93737,2,19
30,0.9,,0.23908,2,20
30,0.9,,0.43838,2,20
30,0.9,,0.63881,2,21
30,0.9,,0.93828,2,20
30,0.9,,1.23730,2,17
30,0.9,,1.494453789,2,19
30,0.9,,1.63922,2,21
30,0.9,,1.93778,2,21
30,1.2,,0.23845,2,18
30,1.2,,0.43742,2,21
30,1.2,,0.63892,2,19
30,1.2,,0.93850,2,20
30,1.2,,1.23756,2,18
30,1.2,,1.494453759,2,21
30,1.2,,1.63855,2,21
30,1.2,,1.93831,2,21
30,1.49445,,0.23849,2,20
30,1.49445,,0.43738,2,21
30,1.49445,,0.63881,2,21
30,1.49445,,0.94128,2,20
30,1.49445,,1.24077,2,17
30,1.49445,,1.494454041,2,20
30,1.49445,,1.63790,2,20
30,1.49445,,1.93807,2,21
30,1.6,,0.23803,2,20
30,1.6,,0.43906,2,18
30,1.6,,0.63894,2,19
30,1.6,,0.93967,2,19
30,1.6,,1.24003,2,21
30,1.6,,1.494453760,2,17
30,1.6,,1.63786,2,20
30,1.6,,1.93732,2,20
30,1.9,,0.23828,2,21
30,1.9,,0.43903,2,20
30,1.9,,0.63824,2,20
30,1.9,,0.93839,2,19
30,1.9,,1.23808,2,21
30,1.9,,1.494453800,2,21
30,1.9,,1.63771,2,20
30,1.9,,1.93757,2,21
