4,0
8,0
10,2,9
12,2,10
15,2,11
20,2,15
30,2,22
50,2,29
70,2,38
100,2,60
4,0
8,2,7
10,2,9
12,2,9
15,2,11
20,2,13
30,2,18
50,2,30
70,2,40
100,2,61
4,0
8,0
10,2,9
12,2,10
15,2,10
20,2,15
30,2,21
50,2,30
70,2,44
100,2,57
4,0
8,2,7
10,2,9
12,2,10
15,2,11
20,2,13
30,2,19
50,2,30
70,2,42
100,2,56
4,0
8,2,7
10,2,9
12,2,10
15,2,11
20,2,17
30,2,21
50,2,31
70,2,44
100,2,54
4,0
8,0
10,2,9
12,2,10
15,2,12
20,2,15
30,2,18
50,2,29
70,2,40
100,2,54
4,0
8,0
10,2,9
12,2,10
15,2,12
20,2,15
30,2,20
50,2,27
70,2,39
100,2,64
4,0
8,0
10,2,9
12,2,11
15,2,12
20,2,13
30,2,19
50,2,30
70,2,43
100,2,51
4,0
8,0
10,2,9
12,2,10
15,2,10
20,2,15
30,2,19
50,2,29
70,2,41
100,2,58
4,0
8,0
10,2,9
12,2,9
15,2,11
20,2,15
30,2,17
50,2,33
70,2,42
100,2,53
4,0
8,0
10,2,7
12,2,11
15,2,11
20,2,13
30,2,20
50,2,29
70,2,38
100,2,52
4,0
8,0
10,2,9
12,2,10
15,2,13
20,2,13
30,2,20
50,2,29
70,2,42
100,2,58
4,0
8,0
10,2,9
12,2,9
15,2,11
20,2,11
30,2,20
50,2,32
70,2,43
100,2,58
4,0
8,2,7
10,2,9
12,2,10
15,2,11
20,2,15
30,2,21
50,2,28
70,2,41
100,2,55
4,0
8,0
10,2,8
12,0
15,2,13
20,2,14
30,2,21
50,2,31
70,2,42
100,2,55
4,0
8,2,7
10,0
12,2,10
15,2,12
20,2,15
30,2,20
50,2,33
70,2,41
100,2,56
4,0
8,0
10,2,9
12,0
15,2,11
20,2,15
30,2,18
50,2,30
70,2,40
100,2,56
4,0
8,0
10,2,9
12,2,9
15,2,12
20,2,13
30,2,21
50,2,27
70,2,40
100,2,52
4,0
8,2,7
10,2,9
12,2,11
15,2,11
20,2,13
30,2,18
50,2,31
70,2,42
100,2,56
4,0
8,0
10,2,9
12,2,10
15,2,13
20,2,13
30,2,19
50,2,29
70,2,43
100,2,53
